
--------------------------------------------------
TXLib сообщает:

Программа: C:\кирилл\GAME-main\main.exe, файл: c:\codeblocks\codeblocks\mingw\include\txlib.h, строка: 13772, функция: bool {anonymous}::TX::txTransparentBlt(HDC, double, double, double, double, HDC, double, double, COLORREF),

Сообщение: Прямоугольник копируемой области {1.67772e+007, 0, 1.67782e+007, 600} не полностью лежит внутри изображения-источника {0, 0, 1000, 600}, функция txTransparentBlt() работать не будет.

#1: TXLib [Ver: 00173a, Rev: 173, Date: 2024-06-23 22:37:05 +0400], Instance: 0x005072FC (32-bit), Flags: CMdRe0, Thread: 0x21D4 (Main), GetLastError(): 13 (Недопустимые данные). 
From: c:\codeblocks\codeblocks\mingw\include\txlib.h:13771 bool {anonymous}::TX::txTransparentBlt(HDC, double, double, double, double, HDC, double, double, COLORREF).

--------------------------------------------------
Стек вызовов:



--------------------------------------------------
Стек вызовов TX:

# 0 in bool {anonymous}::TX::txTransparentBlt(HDC, double, double, double, double, HDC, double, double, COLORREF) at c:\codeblocks\codeblocks\mingw\include\txlib.h:13771:

  13769:         {
  13770: $       SetLastError (ERROR_INVALID_DATA);
=>13771: $       TX_ERROR ("Прямоугольник копируемой области {%g, %g, %g, %g} не полностью лежит внутри изображения-источника {%d, %d, %d, %d}, "
  13772:                   "функция txTransparentBlt() работать не будет.", xSource, ySource, xSource + width, ySource + height, 0, 0, (int) size.x, (int) size.y);
  13773:         }

# 1 in void Fon::draw() at C:\кирилл\GAME-main\main.cpp:15:

     13:  void draw()
     14:     {
=>   15:       txTransparentBlt (txDC(),x,y,w ,h,image,TX_WHITE);
     16: 
     17:     }

--------------------------------------------------
Developed with:

The Dumb Artist Library (TX Library)
TXLib [Ver: 00173a, Rev: 173, Date: 2024-06-23 22:37:05 +0400]
Copyright (C) Ded (Ilya Dedinsky, http://txlib.ru) <mail@txlib.ru>
See license on: http://txlib.ru

TXLib file:	c:\codeblocks\codeblocks\mingw\include\txlib.h
Compiled:	Mar 13 2025 09:46:46, GNU g++ 4.8.1, std=201103L, MinGW Runtime 3.20, 32-bit, DEBUG
Started:	Mar 13 2025 09:47:03

Run file:	C:\кирилл\GAME-main\main.exe
Directory:	C:\кирилл\GAME-main

--------------------------------------------------

--------------------------------------------------
TXLib сообщает:

Программа: C:\кирилл\GAME-main\main.exe, файл: c:\codeblocks\codeblocks\mingw\include\txlib.h, строка: 13772, функция: bool {anonymous}::TX::txTransparentBlt(HDC, double, double, double, double, HDC, double, double, COLORREF),

Сообщение: Прямоугольник копируемой области {1.67772e+007, 0, 1.67782e+007, 600} не полностью лежит внутри изображения-источника {0, 0, 1000, 600}, функция txTransparentBlt() работать не будет.

#1: TXLib [Ver: 00173a, Rev: 173, Date: 2024-06-23 22:37:05 +0400], Instance: 0x005072FC (32-bit), Flags: CMdRe0, Thread: 0xA34 (Main), GetLastError(): 13 (Недопустимые данные). 
From: c:\codeblocks\codeblocks\mingw\include\txlib.h:13771 bool {anonymous}::TX::txTransparentBlt(HDC, double, double, double, double, HDC, double, double, COLORREF).

--------------------------------------------------
Стек вызовов:



--------------------------------------------------
Стек вызовов TX:

# 0 in bool {anonymous}::TX::txTransparentBlt(HDC, double, double, double, double, HDC, double, double, COLORREF) at c:\codeblocks\codeblocks\mingw\include\txlib.h:13771:

  13769:         {
  13770: $       SetLastError (ERROR_INVALID_DATA);
=>13771: $       TX_ERROR ("Прямоугольник копируемой области {%g, %g, %g, %g} не полностью лежит внутри изображения-источника {%d, %d, %d, %d}, "
  13772:                   "функция txTransparentBlt() работать не будет.", xSource, ySource, xSource + width, ySource + height, 0, 0, (int) size.x, (int) size.y);
  13773:         }

# 1 in void Fon::draw() at C:\кирилл\GAME-main\main.cpp:15:

     13:  void draw()
     14:     {
=>   15:       txTransparentBlt (txDC(),x,y,w ,h,image,TX_WHITE);
     16: 
     17:     }

--------------------------------------------------
Developed with:

The Dumb Artist Library (TX Library)
TXLib [Ver: 00173a, Rev: 173, Date: 2024-06-23 22:37:05 +0400]
Copyright (C) Ded (Ilya Dedinsky, http://txlib.ru) <mail@txlib.ru>
See license on: http://txlib.ru

TXLib file:	c:\codeblocks\codeblocks\mingw\include\txlib.h
Compiled:	Mar 13 2025 10:08:24, GNU g++ 4.8.1, std=201103L, MinGW Runtime 3.20, 32-bit, DEBUG
Started:	Mar 13 2025 10:08:43

Run file:	C:\кирилл\GAME-main\main.exe
Directory:	C:\кирилл\GAME-main

--------------------------------------------------

--------------------------------------------------
TXLib сообщает:

Программа: C:\кирилл\GAME-main\main.exe, файл: c:\codeblocks\codeblocks\mingw\include\txlib.h, строка: 13772, функция: bool {anonymous}::TX::txTransparentBlt(HDC, double, double, double, double, HDC, double, double, COLORREF),

Сообщение: Прямоугольник копируемой области {1.67772e+007, 0, 1.67782e+007, 600} не полностью лежит внутри изображения-источника {0, 0, 1000, 600}, функция txTransparentBlt() работать не будет.

#2: TXLib [Ver: 00173a, Rev: 173, Date: 2024-06-23 22:37:05 +0400], Instance: 0x005072FC (32-bit), Flags: CMdRe0, Thread: 0xA34 (Main), GetLastError(): 13 (Недопустимые данные). 
From: c:\codeblocks\codeblocks\mingw\include\txlib.h:13771 bool {anonymous}::TX::txTransparentBlt(HDC, double, double, double, double, HDC, double, double, COLORREF).

--------------------------------------------------
Стек вызовов:



--------------------------------------------------
Стек вызовов TX:

# 0 in bool {anonymous}::TX::txTransparentBlt(HDC, double, double, double, double, HDC, double, double, COLORREF) at c:\codeblocks\codeblocks\mingw\include\txlib.h:13771:

  13769:         {
  13770: $       SetLastError (ERROR_INVALID_DATA);
=>13771: $       TX_ERROR ("Прямоугольник копируемой области {%g, %g, %g, %g} не полностью лежит внутри изображения-источника {%d, %d, %d, %d}, "
  13772:                   "функция txTransparentBlt() работать не будет.", xSource, ySource, xSource + width, ySource + height, 0, 0, (int) size.x, (int) size.y);
  13773:         }

# 1 in void Fon::draw() at C:\кирилл\GAME-main\main.cpp:15:

     13:  void draw()
     14:     {
=>   15:       txTransparentBlt (txDC(),x,y,w ,h,image,TX_WHITE);
     16: 
     17:     }

--------------------------------------------------
Developed with:

The Dumb Artist Library (TX Library)
TXLib [Ver: 00173a, Rev: 173, Date: 2024-06-23 22:37:05 +0400]
Copyright (C) Ded (Ilya Dedinsky, http://txlib.ru) <mail@txlib.ru>
See license on: http://txlib.ru

TXLib file:	c:\codeblocks\codeblocks\mingw\include\txlib.h
Compiled:	Mar 13 2025 10:08:24, GNU g++ 4.8.1, std=201103L, MinGW Runtime 3.20, 32-bit, DEBUG
Started:	Mar 13 2025 10:08:42

Run file:	C:\кирилл\GAME-main\main.exe
Directory:	C:\кирилл\GAME-main

--------------------------------------------------
