
--------------------------------------------------
TXLib соболезнует...

Программа: C:\Мищенко Кирилл\GAME\bin\Debug\GAME.exe, файл: c:\codeblocks\codeblocks\mingw\include\txlib.h, строка: 14346, функция: intptr_t {anonymous}::TX::txPlayVideo(int, int, int, int, const char*, double, double, HWND),

Сообщение: Возможно, окно рисования не создано или не в порядке.

#1: TXLib [Ver: 00173a, Rev: 173, Date: 2024-06-23 22:37:05 +0400], Instance: 0x005052FC (32-bit), Flags: CMdre0, Thread: 0x428 (Main), GetLastError(): 13 (Недопустимые данные). 

--------------------------------------------------
Стек вызовов:



--------------------------------------------------
Стек вызовов TX:

# 0 in intptr_t {anonymous}::TX::txPlayVideo(int, int, int, int, const char*, double, double, HWND) at c:\codeblocks\codeblocks\mingw\include\txlib.h:14346:

  14344:                       double zoom /*= 0*/, double gain /*= 1*/, HWND wnd /*= txWindow()*/)
  14345:     {
=>14346: $1  if (wnd && wnd == txWindow() && _TX_TXWINDOW_FAILED()) return -1;
  14347: 
  14348: $   int time = GetTickCount();  //-V2551

# 1 in intptr_t {anonymous}::TX::txPlayVideo(const char*, double, double, HWND) at c:\codeblocks\codeblocks\mingw\include\txlib.h:14498:

  14496: intptr_t txPlayVideo (const char fileName[], double zoom /*= 0*/, double gain /*= 0*/, HWND wnd /*= txWindow()*/)
  14497:     {
=>14498: $1  return txPlayVideo (0, 0, 0, 0, fileName, zoom, gain, wnd);
  14499:     }
  14500: 

# 2 in void {anonymous}::TX::_txCleanup() at c:\codeblocks\codeblocks\mingw\include\txlib.h:9116:

   9114: 
   9115: $   txSpeak     (NULL);
=> 9116: $   txPlayVideo (NULL);
   9117: 
   9118: $   delete _txCanvas_UserDCs;

# 3 in void {anonymous}::TX::_txOnCExit() at c:\codeblocks\codeblocks\mingw\include\txlib.h:8925:

   8923:     OutputDebugString ("\n");
   8924: 
=> 8925: $5  _txCleanup();
   8926: 
   8927:     _TX_CALLv (Win32::_cexit, ());

# 4 in int main() at C:\Мищенко Кирилл\GAME\main.cpp:7:

      5:     {
      6:     txCreateWindow (1000, 1200);
=>    7:     txTextCursor (false);
      8: 
      9: 

--------------------------------------------------
Developed with:

The Dumb Artist Library (TX Library)
TXLib [Ver: 00173a, Rev: 173, Date: 2024-06-23 22:37:05 +0400]
Copyright (C) Ded (Ilya Dedinsky, http://txlib.ru) <mail@txlib.ru>
See license on: http://txlib.ru

TXLib file:	c:\codeblocks\codeblocks\mingw\include\txlib.h
Compiled:	Jan 14 2025 09:12:29, GNU g++ 4.8.1, std=201103L, MinGW Runtime 3.20, 32-bit, DEBUG
Started:	Jan 14 2025 09:12:48

Run file:	C:\Мищенко Кирилл\GAME\bin\Debug\GAME.exe
Directory:	C:\Мищенко Кирилл\GAME

--------------------------------------------------

--------------------------------------------------
TXLib соболезнует...

Программа: C:\Мищенко Кирилл\GAME\bin\Debug\GAME.exe, файл: c:\codeblocks\codeblocks\mingw\include\txlib.h, строка: 14346, функция: intptr_t {anonymous}::TX::txPlayVideo(int, int, int, int, const char*, double, double, HWND),

Сообщение: Возможно, окно рисования не создано или не в порядке.

#1: TXLib [Ver: 00173a, Rev: 173, Date: 2024-06-23 22:37:05 +0400], Instance: 0x005052FC (32-bit), Flags: CMdre0, Thread: 0xC54 (Main), GetLastError(): 13 (Недопустимые данные). 

--------------------------------------------------
Стек вызовов:



--------------------------------------------------
Стек вызовов TX:

# 0 in intptr_t {anonymous}::TX::txPlayVideo(int, int, int, int, const char*, double, double, HWND) at c:\codeblocks\codeblocks\mingw\include\txlib.h:14346:

  14344:                       double zoom /*= 0*/, double gain /*= 1*/, HWND wnd /*= txWindow()*/)
  14345:     {
=>14346: $1  if (wnd && wnd == txWindow() && _TX_TXWINDOW_FAILED()) return -1;
  14347: 
  14348: $   int time = GetTickCount();  //-V2551

# 1 in intptr_t {anonymous}::TX::txPlayVideo(const char*, double, double, HWND) at c:\codeblocks\codeblocks\mingw\include\txlib.h:14498:

  14496: intptr_t txPlayVideo (const char fileName[], double zoom /*= 0*/, double gain /*= 0*/, HWND wnd /*= txWindow()*/)
  14497:     {
=>14498: $1  return txPlayVideo (0, 0, 0, 0, fileName, zoom, gain, wnd);
  14499:     }
  14500: 

# 2 in void {anonymous}::TX::_txCleanup() at c:\codeblocks\codeblocks\mingw\include\txlib.h:9116:

   9114: 
   9115: $   txSpeak     (NULL);
=> 9116: $   txPlayVideo (NULL);
   9117: 
   9118: $   delete _txCanvas_UserDCs;

# 3 in void {anonymous}::TX::_txOnCExit() at c:\codeblocks\codeblocks\mingw\include\txlib.h:8925:

   8923:     OutputDebugString ("\n");
   8924: 
=> 8925: $5  _txCleanup();
   8926: 
   8927:     _TX_CALLv (Win32::_cexit, ());

# 4 in int main() at C:\Мищенко Кирилл\GAME\main.cpp:7:

      5:     {
      6:     txCreateWindow (1500, 700);
=>    7:     txTextCursor (false);
      8: 
      9: 

--------------------------------------------------
Developed with:

The Dumb Artist Library (TX Library)
TXLib [Ver: 00173a, Rev: 173, Date: 2024-06-23 22:37:05 +0400]
Copyright (C) Ded (Ilya Dedinsky, http://txlib.ru) <mail@txlib.ru>
See license on: http://txlib.ru

TXLib file:	c:\codeblocks\codeblocks\mingw\include\txlib.h
Compiled:	Jan 14 2025 09:13:11, GNU g++ 4.8.1, std=201103L, MinGW Runtime 3.20, 32-bit, DEBUG
Started:	Jan 14 2025 09:13:31

Run file:	C:\Мищенко Кирилл\GAME\bin\Debug\GAME.exe
Directory:	C:\Мищенко Кирилл\GAME

--------------------------------------------------

--------------------------------------------------
TXLib соболезнует...

Программа: C:\Мищенко Кирилл\GAME\bin\Debug\GAME.exe, файл: c:\codeblocks\codeblocks\mingw\include\txlib.h, строка: 13751, функция: bool {anonymous}::TX::txTransparentBlt(HDC, double, double, double, double, HDC, double, double, COLORREF),

Сообщение: Параметр "sourceImage" неверен. Возможно, этот холст не создан, или уже уничтожен, или не загрузилась картинка.

#1: TXLib [Ver: 00173a, Rev: 173, Date: 2024-06-23 22:37:05 +0400], Instance: 0x005062FC (32-bit), Flags: CMdRe0, Thread: 0x2888 (Main), GetLastError(): 13 (Недопустимые данные). 

--------------------------------------------------
Стек вызовов:



--------------------------------------------------
Стек вызовов TX:

# 0 in bool {anonymous}::TX::txTransparentBlt(HDC, double, double, double, double, HDC, double, double, COLORREF) at c:\codeblocks\codeblocks\mingw\include\txlib.h:13751:

  13749: 
  13750: $1  if (_TX_HDC_FAILED (destImage))   return false;
=>13751: $   if (_TX_HDC_FAILED (sourceImage)) return false;
  13752: 
  13753:     // Это автоматическое определение размеров картинки (точнее, HDC источника - source) с помощью txGetExtent().

# 1 in void Sonic::draw() at C:\Мищенко Кирилл\GAME\main.cpp:46:

     44:  void draw()
     45:     {
=>   46:       txTransparentBlt(txDC(),x,300,59,100,image,150*n_card,0,TX_WHITE);
     47: 
     48:     }

--------------------------------------------------
Developed with:

The Dumb Artist Library (TX Library)
TXLib [Ver: 00173a, Rev: 173, Date: 2024-06-23 22:37:05 +0400]
Copyright (C) Ded (Ilya Dedinsky, http://txlib.ru) <mail@txlib.ru>
See license on: http://txlib.ru

TXLib file:	c:\codeblocks\codeblocks\mingw\include\txlib.h
Compiled:	Jan 21 2025 10:10:46, GNU g++ 4.8.1, std=201103L, MinGW Runtime 3.20, 32-bit, DEBUG
Started:	Jan 21 2025 10:11:02

Run file:	C:\Мищенко Кирилл\GAME\bin\Debug\GAME.exe
Directory:	C:\Мищенко Кирилл\GAME

--------------------------------------------------

--------------------------------------------------
TXLib соболезнует...

Программа: C:\Мищенко Кирилл\GAME\bin\Debug\GAME.exe, файл: c:\codeblocks\codeblocks\mingw\include\txlib.h, строка: 13751, функция: bool {anonymous}::TX::txTransparentBlt(HDC, double, double, double, double, HDC, double, double, COLORREF),

Сообщение: Параметр "sourceImage" неверен. Возможно, этот холст не создан, или уже уничтожен, или не загрузилась картинка.

#1: TXLib [Ver: 00173a, Rev: 173, Date: 2024-06-23 22:37:05 +0400], Instance: 0x005062FC (32-bit), Flags: CMdRe0, Thread: 0x1764 (Main), GetLastError(): 13 (Недопустимые данные). 

--------------------------------------------------
Стек вызовов:



--------------------------------------------------
Стек вызовов TX:

# 0 in bool {anonymous}::TX::txTransparentBlt(HDC, double, double, double, double, HDC, double, double, COLORREF) at c:\codeblocks\codeblocks\mingw\include\txlib.h:13751:

  13749: 
  13750: $1  if (_TX_HDC_FAILED (destImage))   return false;
=>13751: $   if (_TX_HDC_FAILED (sourceImage)) return false;
  13752: 
  13753:     // Это автоматическое определение размеров картинки (точнее, HDC источника - source) с помощью txGetExtent().

# 1 in void Sonic::draw() at C:\Мищенко Кирилл\GAME\main.cpp:46:

     44:  void draw()
     45:     {
=>   46:       txTransparentBlt(txDC(),x,300,59,100,image,150*n_card,0,TX_WHITE);
     47: 
     48:     }

--------------------------------------------------
Developed with:

The Dumb Artist Library (TX Library)
TXLib [Ver: 00173a, Rev: 173, Date: 2024-06-23 22:37:05 +0400]
Copyright (C) Ded (Ilya Dedinsky, http://txlib.ru) <mail@txlib.ru>
See license on: http://txlib.ru

TXLib file:	c:\codeblocks\codeblocks\mingw\include\txlib.h
Compiled:	Jan 23 2025 09:13:56, GNU g++ 4.8.1, std=201103L, MinGW Runtime 3.20, 32-bit, DEBUG
Started:	Jan 23 2025 09:14:16

Run file:	C:\Мищенко Кирилл\GAME\bin\Debug\GAME.exe
Directory:	C:\Мищенко Кирилл\GAME

--------------------------------------------------

--------------------------------------------------
TXLib соболезнует...

Программа: C:\Мищенко Кирилл\GAME\bin\Debug\GAME.exe, файл: c:\codeblocks\codeblocks\mingw\include\txlib.h, строка: 13751, функция: bool {anonymous}::TX::txTransparentBlt(HDC, double, double, double, double, HDC, double, double, COLORREF),

Сообщение: Параметр "sourceImage" неверен. Возможно, этот холст не создан, или уже уничтожен, или не загрузилась картинка.

#1: TXLib [Ver: 00173a, Rev: 173, Date: 2024-06-23 22:37:05 +0400], Instance: 0x005062FC (32-bit), Flags: CMdRe0, Thread: 0x10DC (Main), GetLastError(): 13 (Недопустимые данные). 

--------------------------------------------------
Стек вызовов:



--------------------------------------------------
Стек вызовов TX:

# 0 in bool {anonymous}::TX::txTransparentBlt(HDC, double, double, double, double, HDC, double, double, COLORREF) at c:\codeblocks\codeblocks\mingw\include\txlib.h:13751:

  13749: 
  13750: $1  if (_TX_HDC_FAILED (destImage))   return false;
=>13751: $   if (_TX_HDC_FAILED (sourceImage)) return false;
  13752: 
  13753:     // Это автоматическое определение размеров картинки (точнее, HDC источника - source) с помощью txGetExtent().

# 1 in void Sonic::draw() at C:\Мищенко Кирилл\GAME\main.cpp:46:

     44:  void draw()
     45:     {
=>   46:       txTransparentBlt(txDC(),x,300,59,100,image,150*n_card,0,TX_WHITE);
     47: 
     48:     }

--------------------------------------------------
Developed with:

The Dumb Artist Library (TX Library)
TXLib [Ver: 00173a, Rev: 173, Date: 2024-06-23 22:37:05 +0400]
Copyright (C) Ded (Ilya Dedinsky, http://txlib.ru) <mail@txlib.ru>
See license on: http://txlib.ru

TXLib file:	c:\codeblocks\codeblocks\mingw\include\txlib.h
Compiled:	Jan 23 2025 09:18:48, GNU g++ 4.8.1, std=201103L, MinGW Runtime 3.20, 32-bit, DEBUG
Started:	Jan 23 2025 09:19:07

Run file:	C:\Мищенко Кирилл\GAME\bin\Debug\GAME.exe
Directory:	C:\Мищенко Кирилл\GAME

--------------------------------------------------

--------------------------------------------------
TXLib соболезнует...

Программа: C:\Мищенко Кирилл\GAME\bin\Debug\GAME.exe, файл: c:\codeblocks\codeblocks\mingw\include\txlib.h, строка: 13751, функция: bool {anonymous}::TX::txTransparentBlt(HDC, double, double, double, double, HDC, double, double, COLORREF),

Сообщение: Параметр "sourceImage" неверен. Возможно, этот холст не создан, или уже уничтожен, или не загрузилась картинка.

#1: TXLib [Ver: 00173a, Rev: 173, Date: 2024-06-23 22:37:05 +0400], Instance: 0x005062FC (32-bit), Flags: CMdRe0, Thread: 0x2BCC (Main), GetLastError(): 13 (Недопустимые данные). 

--------------------------------------------------
Стек вызовов:



--------------------------------------------------
Стек вызовов TX:

# 0 in bool {anonymous}::TX::txTransparentBlt(HDC, double, double, double, double, HDC, double, double, COLORREF) at c:\codeblocks\codeblocks\mingw\include\txlib.h:13751:

  13749: 
  13750: $1  if (_TX_HDC_FAILED (destImage))   return false;
=>13751: $   if (_TX_HDC_FAILED (sourceImage)) return false;
  13752: 
  13753:     // Это автоматическое определение размеров картинки (точнее, HDC источника - source) с помощью txGetExtent().

# 1 in void Sonic::draw() at C:\Мищенко Кирилл\GAME\main.cpp:46:

     44:  void draw()
     45:     {
=>   46:       txTransparentBlt(txDC(),x,300,59,100,image,150*n_card,0,TX_WHITE);
     47: 
     48:     }

--------------------------------------------------
Developed with:

The Dumb Artist Library (TX Library)
TXLib [Ver: 00173a, Rev: 173, Date: 2024-06-23 22:37:05 +0400]
Copyright (C) Ded (Ilya Dedinsky, http://txlib.ru) <mail@txlib.ru>
See license on: http://txlib.ru

TXLib file:	c:\codeblocks\codeblocks\mingw\include\txlib.h
Compiled:	Jan 23 2025 09:23:04, GNU g++ 4.8.1, std=201103L, MinGW Runtime 3.20, 32-bit, DEBUG
Started:	Jan 23 2025 09:23:23

Run file:	C:\Мищенко Кирилл\GAME\bin\Debug\GAME.exe
Directory:	C:\Мищенко Кирилл\GAME

--------------------------------------------------

--------------------------------------------------
TXLib соболезнует...

Программа: C:\Мищенко Кирилл\GAME\bin\Debug\GAME.exe, файл: c:\codeblocks\codeblocks\mingw\include\txlib.h, строка: 13751, функция: bool {anonymous}::TX::txTransparentBlt(HDC, double, double, double, double, HDC, double, double, COLORREF),

Сообщение: Параметр "sourceImage" неверен. Возможно, этот холст не создан, или уже уничтожен, или не загрузилась картинка.

#1: TXLib [Ver: 00173a, Rev: 173, Date: 2024-06-23 22:37:05 +0400], Instance: 0x005062FC (32-bit), Flags: CMdRe0, Thread: 0xADC (Main), GetLastError(): 13 (Недопустимые данные). 

--------------------------------------------------
Стек вызовов:



--------------------------------------------------
Стек вызовов TX:

# 0 in bool {anonymous}::TX::txTransparentBlt(HDC, double, double, double, double, HDC, double, double, COLORREF) at c:\codeblocks\codeblocks\mingw\include\txlib.h:13751:

  13749: 
  13750: $1  if (_TX_HDC_FAILED (destImage))   return false;
=>13751: $   if (_TX_HDC_FAILED (sourceImage)) return false;
  13752: 
  13753:     // Это автоматическое определение размеров картинки (точнее, HDC источника - source) с помощью txGetExtent().

# 1 in void Sonic::draw() at C:\Мищенко Кирилл\GAME\main.cpp:46:

     44:  void draw()
     45:     {
=>   46:       txTransparentBlt(txDC(),x,300,59,100,image,150*n_card,0,TX_WHITE);
     47: 
     48:     }

--------------------------------------------------
Developed with:

The Dumb Artist Library (TX Library)
TXLib [Ver: 00173a, Rev: 173, Date: 2024-06-23 22:37:05 +0400]
Copyright (C) Ded (Ilya Dedinsky, http://txlib.ru) <mail@txlib.ru>
See license on: http://txlib.ru

TXLib file:	c:\codeblocks\codeblocks\mingw\include\txlib.h
Compiled:	Jan 23 2025 09:24:35, GNU g++ 4.8.1, std=201103L, MinGW Runtime 3.20, 32-bit, DEBUG
Started:	Jan 23 2025 09:24:52

Run file:	C:\Мищенко Кирилл\GAME\bin\Debug\GAME.exe
Directory:	C:\Мищенко Кирилл\GAME

--------------------------------------------------

--------------------------------------------------
TXLib соболезнует...

Программа: C:\Мищенко Кирилл\GAME\bin\Debug\GAME.exe, файл: c:\codeblocks\codeblocks\mingw\include\txlib.h, строка: 13751, функция: bool {anonymous}::TX::txTransparentBlt(HDC, double, double, double, double, HDC, double, double, COLORREF),

Сообщение: Параметр "sourceImage" неверен. Возможно, этот холст не создан, или уже уничтожен, или не загрузилась картинка.

#1: TXLib [Ver: 00173a, Rev: 173, Date: 2024-06-23 22:37:05 +0400], Instance: 0x005062FC (32-bit), Flags: CMdRe0, Thread: 0x2DE0 (Main), GetLastError(): 13 (Недопустимые данные). 

--------------------------------------------------
Стек вызовов:



--------------------------------------------------
Стек вызовов TX:

# 0 in bool {anonymous}::TX::txTransparentBlt(HDC, double, double, double, double, HDC, double, double, COLORREF) at c:\codeblocks\codeblocks\mingw\include\txlib.h:13751:

  13749: 
  13750: $1  if (_TX_HDC_FAILED (destImage))   return false;
=>13751: $   if (_TX_HDC_FAILED (sourceImage)) return false;
  13752: 
  13753:     // Это автоматическое определение размеров картинки (точнее, HDC источника - source) с помощью txGetExtent().

# 1 in void Sonic::draw() at C:\Мищенко Кирилл\GAME\main.cpp:46:

     44:  void draw()
     45:     {
=>   46:       txTransparentBlt(txDC(),x,165,330,100,image,165*n_card,0,TX_WHITE);
     47: 
     48:     }

--------------------------------------------------
Developed with:

The Dumb Artist Library (TX Library)
TXLib [Ver: 00173a, Rev: 173, Date: 2024-06-23 22:37:05 +0400]
Copyright (C) Ded (Ilya Dedinsky, http://txlib.ru) <mail@txlib.ru>
See license on: http://txlib.ru

TXLib file:	c:\codeblocks\codeblocks\mingw\include\txlib.h
Compiled:	Jan 23 2025 09:27:30, GNU g++ 4.8.1, std=201103L, MinGW Runtime 3.20, 32-bit, DEBUG
Started:	Jan 23 2025 09:27:46

Run file:	C:\Мищенко Кирилл\GAME\bin\Debug\GAME.exe
Directory:	C:\Мищенко Кирилл\GAME

--------------------------------------------------

--------------------------------------------------
TXLib соболезнует...

Программа: C:\Мищенко Кирилл\GAME\bin\Debug\GAME.exe, файл: c:\codeblocks\codeblocks\mingw\include\txlib.h, строка: 13751, функция: bool {anonymous}::TX::txTransparentBlt(HDC, double, double, double, double, HDC, double, double, COLORREF),

Сообщение: Параметр "sourceImage" неверен. Возможно, этот холст не создан, или уже уничтожен, или не загрузилась картинка.

#1: TXLib [Ver: 00173a, Rev: 173, Date: 2024-06-23 22:37:05 +0400], Instance: 0x005062FC (32-bit), Flags: CMdRe0, Thread: 0x2640 (Main), GetLastError(): 13 (Недопустимые данные). 

--------------------------------------------------
Стек вызовов:



--------------------------------------------------
Стек вызовов TX:

# 0 in bool {anonymous}::TX::txTransparentBlt(HDC, double, double, double, double, HDC, double, double, COLORREF) at c:\codeblocks\codeblocks\mingw\include\txlib.h:13751:

  13749: 
  13750: $1  if (_TX_HDC_FAILED (destImage))   return false;
=>13751: $   if (_TX_HDC_FAILED (sourceImage)) return false;
  13752: 
  13753:     // Это автоматическое определение размеров картинки (точнее, HDC источника - source) с помощью txGetExtent().

# 1 in void Sonic::draw() at C:\Мищенко Кирилл\GAME\main.cpp:46:

     44:  void draw()
     45:     {
=>   46:       txTransparentBlt(txDC(),x,165,330,300,image,165*n_card,0,TX_WHITE);
     47: 
     48:     }

--------------------------------------------------
Developed with:

The Dumb Artist Library (TX Library)
TXLib [Ver: 00173a, Rev: 173, Date: 2024-06-23 22:37:05 +0400]
Copyright (C) Ded (Ilya Dedinsky, http://txlib.ru) <mail@txlib.ru>
See license on: http://txlib.ru

TXLib file:	c:\codeblocks\codeblocks\mingw\include\txlib.h
Compiled:	Jan 23 2025 09:31:13, GNU g++ 4.8.1, std=201103L, MinGW Runtime 3.20, 32-bit, DEBUG
Started:	Jan 23 2025 09:31:29

Run file:	C:\Мищенко Кирилл\GAME\bin\Debug\GAME.exe
Directory:	C:\Мищенко Кирилл\GAME

--------------------------------------------------

--------------------------------------------------
TXLib соболезнует...

Программа: C:\Мищенко Кирилл\GAME\bin\Debug\GAME.exe, файл: c:\codeblocks\codeblocks\mingw\include\txlib.h, строка: 13313, функция: bool {anonymous}::TX::txClear(HDC),

Сообщение: Окно рисования не создано или не в порядке.
Если вы указали параметр "dc", то он неверен.

#1: TXLib [Ver: 00173a, Rev: 173, Date: 2024-06-23 22:37:05 +0400], Instance: 0x005062FC (32-bit), Flags: CMdrE0, Thread: 0x20EC (Main), GetLastError(): 2 (Не удается найти указанный файл). 

--------------------------------------------------
Стек вызовов:



--------------------------------------------------
Стек вызовов TX:

# 0 in bool {anonymous}::TX::txClear(HDC) at c:\codeblocks\codeblocks\mingw\include\txlib.h:13313:

  13311: bool txClear (HDC dc /*= txDC()*/)
  13312:     {
=>13313: $1  if (_TX_DEFAULT_HDC_FAILED (dc)) return false;
  13314: 
  13315: $   POINT size = txGetExtent (dc);

# 1 in int main() at C:\Мищенко Кирилл\GAME\main.cpp:76:

     74:  while(!GetAsyncKeyState(VK_ESCAPE))
     75:  {
=>   76:      txClear();
     77:      txBegin();
     78: 

--------------------------------------------------
Developed with:

The Dumb Artist Library (TX Library)
TXLib [Ver: 00173a, Rev: 173, Date: 2024-06-23 22:37:05 +0400]
Copyright (C) Ded (Ilya Dedinsky, http://txlib.ru) <mail@txlib.ru>
See license on: http://txlib.ru

TXLib file:	c:\codeblocks\codeblocks\mingw\include\txlib.h
Compiled:	Jan 28 2025 09:20:20, GNU g++ 4.8.1, std=201103L, MinGW Runtime 3.20, 32-bit, DEBUG
Started:	Jan 28 2025 09:20:40

Run file:	C:\Мищенко Кирилл\GAME\bin\Debug\GAME.exe
Directory:	C:\Мищенко Кирилл\GAME

--------------------------------------------------

--------------------------------------------------
TXLib соболезнует...

Программа: C:\Мищенко Кирилл\GAME\bin\Debug\GAME.exe, файл: c:\codeblocks\codeblocks\mingw\include\txlib.h, строка: 13751, функция: bool {anonymous}::TX::txTransparentBlt(HDC, double, double, double, double, HDC, double, double, COLORREF),

Сообщение: Параметр "sourceImage" неверен. Возможно, этот холст не создан, или уже уничтожен, или не загрузилась картинка.

#1: TXLib [Ver: 00173a, Rev: 173, Date: 2024-06-23 22:37:05 +0400], Instance: 0x005062FC (32-bit), Flags: CMdRe0, Thread: 0x2FC8 (Main), GetLastError(): 13 (Недопустимые данные). 

--------------------------------------------------
Стек вызовов:



--------------------------------------------------
Стек вызовов TX:

# 0 in bool {anonymous}::TX::txTransparentBlt(HDC, double, double, double, double, HDC, double, double, COLORREF) at c:\codeblocks\codeblocks\mingw\include\txlib.h:13751:

  13749: 
  13750: $1  if (_TX_HDC_FAILED (destImage))   return false;
=>13751: $   if (_TX_HDC_FAILED (sourceImage)) return false;
  13752: 
  13753:     // Это автоматическое определение размеров картинки (точнее, HDC источника - source) с помощью txGetExtent().

# 1 in void Sonic::draw() at C:\Мищенко Кирилл\GAME\main.cpp:46:

     44:  void draw()
     45:     {
=>   46:       txTransparentBlt(txDC(),x,y,330,300,image,165*n_card,0,TX_WHITE);
     47: 
     48:     }

--------------------------------------------------
Developed with:

The Dumb Artist Library (TX Library)
TXLib [Ver: 00173a, Rev: 173, Date: 2024-06-23 22:37:05 +0400]
Copyright (C) Ded (Ilya Dedinsky, http://txlib.ru) <mail@txlib.ru>
See license on: http://txlib.ru

TXLib file:	c:\codeblocks\codeblocks\mingw\include\txlib.h
Compiled:	Jan 28 2025 09:26:00, GNU g++ 4.8.1, std=201103L, MinGW Runtime 3.20, 32-bit, DEBUG
Started:	Jan 28 2025 09:26:19

Run file:	C:\Мищенко Кирилл\GAME\bin\Debug\GAME.exe
Directory:	C:\Мищенко Кирилл\GAME

--------------------------------------------------

--------------------------------------------------
TXLib соболезнует...

Программа: C:\Мищенко Кирилл\GAME\bin\Debug\GAME.exe, файл: c:\codeblocks\codeblocks\mingw\include\txlib.h, строка: 13751, функция: bool {anonymous}::TX::txTransparentBlt(HDC, double, double, double, double, HDC, double, double, COLORREF),

Сообщение: Параметр "sourceImage" неверен. Возможно, этот холст не создан, или уже уничтожен, или не загрузилась картинка.

#1: TXLib [Ver: 00173a, Rev: 173, Date: 2024-06-23 22:37:05 +0400], Instance: 0x005062FC (32-bit), Flags: CMdRe0, Thread: 0xC98 (Main), GetLastError(): 13 (Недопустимые данные). 

--------------------------------------------------
Стек вызовов:



--------------------------------------------------
Стек вызовов TX:

# 0 in bool {anonymous}::TX::txTransparentBlt(HDC, double, double, double, double, HDC, double, double, COLORREF) at c:\codeblocks\codeblocks\mingw\include\txlib.h:13751:

  13749: 
  13750: $1  if (_TX_HDC_FAILED (destImage))   return false;
=>13751: $   if (_TX_HDC_FAILED (sourceImage)) return false;
  13752: 
  13753:     // Это автоматическое определение размеров картинки (точнее, HDC источника - source) с помощью txGetExtent().

# 1 in void Sonic::draw() at C:\Мищенко Кирилл\GAME\main.cpp:15:

     13:  void draw()
     14:     {
=>   15:       txTransparentBlt(txDC(),x,100,330,300,image,165*n_card,0,TX_WHITE);
     16: 
     17:     }

--------------------------------------------------
Developed with:

The Dumb Artist Library (TX Library)
TXLib [Ver: 00173a, Rev: 173, Date: 2024-06-23 22:37:05 +0400]
Copyright (C) Ded (Ilya Dedinsky, http://txlib.ru) <mail@txlib.ru>
See license on: http://txlib.ru

TXLib file:	c:\codeblocks\codeblocks\mingw\include\txlib.h
Compiled:	Jan 28 2025 09:41:18, GNU g++ 4.8.1, std=201103L, MinGW Runtime 3.20, 32-bit, DEBUG
Started:	Jan 28 2025 09:41:34

Run file:	C:\Мищенко Кирилл\GAME\bin\Debug\GAME.exe
Directory:	C:\Мищенко Кирилл\GAME

--------------------------------------------------

--------------------------------------------------
TXLib соболезнует...

Программа: C:\Мищенко Кирилл\GAME\bin\Debug\GAME.exe, файл: c:\codeblocks\codeblocks\mingw\include\txlib.h, строка: 13751, функция: bool {anonymous}::TX::txTransparentBlt(HDC, double, double, double, double, HDC, double, double, COLORREF),

Сообщение: Параметр "sourceImage" неверен. Возможно, этот холст не создан, или уже уничтожен, или не загрузилась картинка.

#1: TXLib [Ver: 00173a, Rev: 173, Date: 2024-06-23 22:37:05 +0400], Instance: 0x005062FC (32-bit), Flags: CMdRe0, Thread: 0x4E8 (Main), GetLastError(): 13 (Недопустимые данные). 

--------------------------------------------------
Стек вызовов:



--------------------------------------------------
Стек вызовов TX:

# 0 in bool {anonymous}::TX::txTransparentBlt(HDC, double, double, double, double, HDC, double, double, COLORREF) at c:\codeblocks\codeblocks\mingw\include\txlib.h:13751:

  13749: 
  13750: $1  if (_TX_HDC_FAILED (destImage))   return false;
=>13751: $   if (_TX_HDC_FAILED (sourceImage)) return false;
  13752: 
  13753:     // Это автоматическое определение размеров картинки (точнее, HDC источника - source) с помощью txGetExtent().

# 1 in void Sonic::draw() at C:\Мищенко Кирилл\GAME\main.cpp:15:

     13:  void draw()
     14:     {
=>   15:       txTransparentBlt(txDC(),x,100,330,300,image,165*n_card,0,TX_WHITE);
     16: 
     17:     }

--------------------------------------------------
Developed with:

The Dumb Artist Library (TX Library)
TXLib [Ver: 00173a, Rev: 173, Date: 2024-06-23 22:37:05 +0400]
Copyright (C) Ded (Ilya Dedinsky, http://txlib.ru) <mail@txlib.ru>
See license on: http://txlib.ru

TXLib file:	c:\codeblocks\codeblocks\mingw\include\txlib.h
Compiled:	Jan 28 2025 10:06:23, GNU g++ 4.8.1, std=201103L, MinGW Runtime 3.20, 32-bit, DEBUG
Started:	Jan 28 2025 10:06:59

Run file:	C:\Мищенко Кирилл\GAME\bin\Debug\GAME.exe
Directory:	C:\Мищенко Кирилл\GAME

--------------------------------------------------

--------------------------------------------------
TXLib соболезнует...

Программа: C:\Мищенко Кирилл\GAME\bin\Debug\GAME.exe, файл: c:\codeblocks\codeblocks\mingw\include\txlib.h, строка: 13751, функция: bool {anonymous}::TX::txTransparentBlt(HDC, double, double, double, double, HDC, double, double, COLORREF),

Сообщение: Параметр "sourceImage" неверен. Возможно, этот холст не создан, или уже уничтожен, или не загрузилась картинка.

#1: TXLib [Ver: 00173a, Rev: 173, Date: 2024-06-23 22:37:05 +0400], Instance: 0x005062FC (32-bit), Flags: CMdRe0, Thread: 0x27EC (Main), GetLastError(): 13 (Недопустимые данные). 

--------------------------------------------------
Стек вызовов:



--------------------------------------------------
Стек вызовов TX:

# 0 in bool {anonymous}::TX::txTransparentBlt(HDC, double, double, double, double, HDC, double, double, COLORREF) at c:\codeblocks\codeblocks\mingw\include\txlib.h:13751:

  13749: 
  13750: $1  if (_TX_HDC_FAILED (destImage))   return false;
=>13751: $   if (_TX_HDC_FAILED (sourceImage)) return false;
  13752: 
  13753:     // Это автоматическое определение размеров картинки (точнее, HDC источника - source) с помощью txGetExtent().

# 1 in void Sonic::draw() at C:\Мищенко Кирилл\GAME\main.cpp:15:

     13:  void draw()
     14:     {
=>   15:       txTransparentBlt(txDC(),x,100,330,300,image,165*n_card,0,TX_WHITE);
     16: 
     17:     }

--------------------------------------------------
Developed with:

The Dumb Artist Library (TX Library)
TXLib [Ver: 00173a, Rev: 173, Date: 2024-06-23 22:37:05 +0400]
Copyright (C) Ded (Ilya Dedinsky, http://txlib.ru) <mail@txlib.ru>
See license on: http://txlib.ru

TXLib file:	c:\codeblocks\codeblocks\mingw\include\txlib.h
Compiled:	Jan 28 2025 10:07:36, GNU g++ 4.8.1, std=201103L, MinGW Runtime 3.20, 32-bit, DEBUG
Started:	Jan 28 2025 10:07:55

Run file:	C:\Мищенко Кирилл\GAME\bin\Debug\GAME.exe
Directory:	C:\Мищенко Кирилл\GAME

--------------------------------------------------

--------------------------------------------------
TXLib соболезнует...

Программа: C:\Мищенко Кирилл\GAME\bin\Debug\GAME.exe, файл: c:\codeblocks\codeblocks\mingw\include\txlib.h, строка: 13751, функция: bool {anonymous}::TX::txTransparentBlt(HDC, double, double, double, double, HDC, double, double, COLORREF),

Сообщение: Параметр "sourceImage" неверен. Возможно, этот холст не создан, или уже уничтожен, или не загрузилась картинка.

#1: TXLib [Ver: 00173a, Rev: 173, Date: 2024-06-23 22:37:05 +0400], Instance: 0x005062FC (32-bit), Flags: CMdRe0, Thread: 0x14F0 (Main), GetLastError(): 13 (Недопустимые данные). 

--------------------------------------------------
Стек вызовов:



--------------------------------------------------
Стек вызовов TX:

# 0 in bool {anonymous}::TX::txTransparentBlt(HDC, double, double, double, double, HDC, double, double, COLORREF) at c:\codeblocks\codeblocks\mingw\include\txlib.h:13751:

  13749: 
  13750: $1  if (_TX_HDC_FAILED (destImage))   return false;
=>13751: $   if (_TX_HDC_FAILED (sourceImage)) return false;
  13752: 
  13753:     // Это автоматическое определение размеров картинки (точнее, HDC источника - source) с помощью txGetExtent().

# 1 in void Sonic::draw() at C:\Мищенко Кирилл\GAME\main.cpp:15:

     13:  void draw()
     14:     {
=>   15:       txTransparentBlt(txDC(),1195,165,330,300,image,165*n_card,0,TX_WHITE);
     16: 
     17:     }

--------------------------------------------------
Developed with:

The Dumb Artist Library (TX Library)
TXLib [Ver: 00173a, Rev: 173, Date: 2024-06-23 22:37:05 +0400]
Copyright (C) Ded (Ilya Dedinsky, http://txlib.ru) <mail@txlib.ru>
See license on: http://txlib.ru

TXLib file:	c:\codeblocks\codeblocks\mingw\include\txlib.h
Compiled:	Feb  4 2025 09:06:49, GNU g++ 4.8.1, std=201103L, MinGW Runtime 3.20, 32-bit, DEBUG
Started:	Feb 04 2025 09:07:10

Run file:	C:\Мищенко Кирилл\GAME\bin\Debug\GAME.exe
Directory:	C:\Мищенко Кирилл\GAME

--------------------------------------------------

--------------------------------------------------
TXLib соболезнует...

Программа: C:\Мищенко Кирилл\GAME\bin\Debug\GAME.exe, файл: c:\codeblocks\codeblocks\mingw\include\txlib.h, строка: 13751, функция: bool {anonymous}::TX::txTransparentBlt(HDC, double, double, double, double, HDC, double, double, COLORREF),

Сообщение: Параметр "sourceImage" неверен. Возможно, этот холст не создан, или уже уничтожен, или не загрузилась картинка.

#1: TXLib [Ver: 00173a, Rev: 173, Date: 2024-06-23 22:37:05 +0400], Instance: 0x005062FC (32-bit), Flags: CMdRe0, Thread: 0x1E54 (Main), GetLastError(): 13 (Недопустимые данные). 

--------------------------------------------------
Стек вызовов:



--------------------------------------------------
Стек вызовов TX:

# 0 in bool {anonymous}::TX::txTransparentBlt(HDC, double, double, double, double, HDC, double, double, COLORREF) at c:\codeblocks\codeblocks\mingw\include\txlib.h:13751:

  13749: 
  13750: $1  if (_TX_HDC_FAILED (destImage))   return false;
=>13751: $   if (_TX_HDC_FAILED (sourceImage)) return false;
  13752: 
  13753:     // Это автоматическое определение размеров картинки (точнее, HDC источника - source) с помощью txGetExtent().

# 1 in void Sonic::draw() at C:\Мищенко Кирилл\GAME\main.cpp:15:

     13:  void draw()
     14:     {
=>   15:       txTransparentBlt(txDC(),1195,165,330,300,image,165*n_card,0,TX_WHITE);
     16: 
     17:     }

--------------------------------------------------
Developed with:

The Dumb Artist Library (TX Library)
TXLib [Ver: 00173a, Rev: 173, Date: 2024-06-23 22:37:05 +0400]
Copyright (C) Ded (Ilya Dedinsky, http://txlib.ru) <mail@txlib.ru>
See license on: http://txlib.ru

TXLib file:	c:\codeblocks\codeblocks\mingw\include\txlib.h
Compiled:	Feb  4 2025 09:11:38, GNU g++ 4.8.1, std=201103L, MinGW Runtime 3.20, 32-bit, DEBUG
Started:	Feb 04 2025 09:11:56

Run file:	C:\Мищенко Кирилл\GAME\bin\Debug\GAME.exe
Directory:	C:\Мищенко Кирилл\GAME

--------------------------------------------------

--------------------------------------------------
TXLib соболезнует...

Программа: C:\Мищенко Кирилл\GAME\bin\Debug\GAME.exe, файл: c:\codeblocks\codeblocks\mingw\include\txlib.h, строка: 13751, функция: bool {anonymous}::TX::txTransparentBlt(HDC, double, double, double, double, HDC, double, double, COLORREF),

Сообщение: Параметр "sourceImage" неверен. Возможно, этот холст не создан, или уже уничтожен, или не загрузилась картинка.

#1: TXLib [Ver: 00173a, Rev: 173, Date: 2024-06-23 22:37:05 +0400], Instance: 0x005062FC (32-bit), Flags: CMdRe0, Thread: 0x1350 (Main), GetLastError(): 13 (Недопустимые данные). 

--------------------------------------------------
Стек вызовов:



--------------------------------------------------
Стек вызовов TX:

# 0 in bool {anonymous}::TX::txTransparentBlt(HDC, double, double, double, double, HDC, double, double, COLORREF) at c:\codeblocks\codeblocks\mingw\include\txlib.h:13751:

  13749: 
  13750: $1  if (_TX_HDC_FAILED (destImage))   return false;
=>13751: $   if (_TX_HDC_FAILED (sourceImage)) return false;
  13752: 
  13753:     // Это автоматическое определение размеров картинки (точнее, HDC источника - source) с помощью txGetExtent().

# 1 in void Mario::draw() at C:\Мищенко Кирилл\gegegre\main.cpp:19:

     17: 
     18: 
=>   19:     txTransparentBlt (txDC(),x,y,w ,h, image,0,0,TX_WHITE);
     20: }
     21: 

--------------------------------------------------
Developed with:

The Dumb Artist Library (TX Library)
TXLib [Ver: 00173a, Rev: 173, Date: 2024-06-23 22:37:05 +0400]
Copyright (C) Ded (Ilya Dedinsky, http://txlib.ru) <mail@txlib.ru>
See license on: http://txlib.ru

TXLib file:	c:\codeblocks\codeblocks\mingw\include\txlib.h
Compiled:	Feb  6 2025 09:50:25, GNU g++ 4.8.1, std=201103L, MinGW Runtime 3.20, 32-bit, DEBUG
Started:	Feb 06 2025 09:50:42

Run file:	C:\Мищенко Кирилл\GAME\bin\Debug\GAME.exe
Directory:	C:\Мищенко Кирилл\GAME

--------------------------------------------------

--------------------------------------------------
TXLib соболезнует...

Программа: C:\Мищенко Кирилл\GAME\bin\Debug\GAME.exe, файл: c:\codeblocks\codeblocks\mingw\include\txlib.h, строка: 13751, функция: bool {anonymous}::TX::txTransparentBlt(HDC, double, double, double, double, HDC, double, double, COLORREF),

Сообщение: Параметр "sourceImage" неверен. Возможно, этот холст не создан, или уже уничтожен, или не загрузилась картинка.

#1: TXLib [Ver: 00173a, Rev: 173, Date: 2024-06-23 22:37:05 +0400], Instance: 0x005062FC (32-bit), Flags: CMdRe0, Thread: 0x3FC (Main), GetLastError(): 13 (Недопустимые данные). 

--------------------------------------------------
Стек вызовов:



--------------------------------------------------
Стек вызовов TX:

# 0 in bool {anonymous}::TX::txTransparentBlt(HDC, double, double, double, double, HDC, double, double, COLORREF) at c:\codeblocks\codeblocks\mingw\include\txlib.h:13751:

  13749: 
  13750: $1  if (_TX_HDC_FAILED (destImage))   return false;
=>13751: $   if (_TX_HDC_FAILED (sourceImage)) return false;
  13752: 
  13753:     // Это автоматическое определение размеров картинки (точнее, HDC источника - source) с помощью txGetExtent().

# 1 in void Mario::draw() at C:\Мищенко Кирилл\gegegre\main.cpp:19:

     17: 
     18: 
=>   19:     txTransparentBlt (txDC(),x,y,w ,h, image,0,0,TX_WHITE);
     20: }
     21: 

--------------------------------------------------
Developed with:

The Dumb Artist Library (TX Library)
TXLib [Ver: 00173a, Rev: 173, Date: 2024-06-23 22:37:05 +0400]
Copyright (C) Ded (Ilya Dedinsky, http://txlib.ru) <mail@txlib.ru>
See license on: http://txlib.ru

TXLib file:	c:\codeblocks\codeblocks\mingw\include\txlib.h
Compiled:	Feb  6 2025 09:50:25, GNU g++ 4.8.1, std=201103L, MinGW Runtime 3.20, 32-bit, DEBUG
Started:	Feb 06 2025 10:05:13

Run file:	C:\Мищенко Кирилл\GAME\bin\Debug\GAME.exe
Directory:	C:\Мищенко Кирилл\GAME

--------------------------------------------------

--------------------------------------------------
TXLib соболезнует...

Программа: C:\Мищенко Кирилл\GAME\bin\Debug\GAME.exe, файл: c:\codeblocks\codeblocks\mingw\include\txlib.h, строка: 13751, функция: bool {anonymous}::TX::txTransparentBlt(HDC, double, double, double, double, HDC, double, double, COLORREF),

Сообщение: Параметр "sourceImage" неверен. Возможно, этот холст не создан, или уже уничтожен, или не загрузилась картинка.

#1: TXLib [Ver: 00173a, Rev: 173, Date: 2024-06-23 22:37:05 +0400], Instance: 0x005062FC (32-bit), Flags: CMdRe0, Thread: 0x1120 (Main), GetLastError(): 13 (Недопустимые данные). 

--------------------------------------------------
Стек вызовов:



--------------------------------------------------
Стек вызовов TX:

# 0 in bool {anonymous}::TX::txTransparentBlt(HDC, double, double, double, double, HDC, double, double, COLORREF) at c:\codeblocks\codeblocks\mingw\include\txlib.h:13751:

  13749: 
  13750: $1  if (_TX_HDC_FAILED (destImage))   return false;
=>13751: $   if (_TX_HDC_FAILED (sourceImage)) return false;
  13752: 
  13753:     // Это автоматическое определение размеров картинки (точнее, HDC источника - source) с помощью txGetExtent().

# 1 in void Birsd::draw() at C:\Мищенко Кирилл\GAME\main.cpp:44:

     42:  void draw()
     43:     {
=>   44:       txTransparentBlt (txDC(),x,y,w ,h, image,0,0,TX_WHITE);
     45: 
     46:     }

--------------------------------------------------
Developed with:

The Dumb Artist Library (TX Library)
TXLib [Ver: 00173a, Rev: 173, Date: 2024-06-23 22:37:05 +0400]
Copyright (C) Ded (Ilya Dedinsky, http://txlib.ru) <mail@txlib.ru>
See license on: http://txlib.ru

TXLib file:	c:\codeblocks\codeblocks\mingw\include\txlib.h
Compiled:	Feb  6 2025 10:19:49, GNU g++ 4.8.1, std=201103L, MinGW Runtime 3.20, 32-bit, DEBUG
Started:	Feb 06 2025 10:20:06

Run file:	C:\Мищенко Кирилл\GAME\bin\Debug\GAME.exe
Directory:	C:\Мищенко Кирилл\GAME

--------------------------------------------------

--------------------------------------------------
TXLib соболезнует...

Программа: C:\Мищенко Кирилл\GAME\bin\Debug\GAME.exe, файл: c:\codeblocks\codeblocks\mingw\include\txlib.h, строка: 13751, функция: bool {anonymous}::TX::txTransparentBlt(HDC, double, double, double, double, HDC, double, double, COLORREF),

Сообщение: Параметр "sourceImage" неверен. Возможно, этот холст не создан, или уже уничтожен, или не загрузилась картинка.

#1: TXLib [Ver: 00173a, Rev: 173, Date: 2024-06-23 22:37:05 +0400], Instance: 0x005062FC (32-bit), Flags: CMdRe0, Thread: 0x718 (Main), GetLastError(): 13 (Недопустимые данные). 

--------------------------------------------------
Стек вызовов:



--------------------------------------------------
Стек вызовов TX:

# 0 in bool {anonymous}::TX::txTransparentBlt(HDC, double, double, double, double, HDC, double, double, COLORREF) at c:\codeblocks\codeblocks\mingw\include\txlib.h:13751:

  13749: 
  13750: $1  if (_TX_HDC_FAILED (destImage))   return false;
=>13751: $   if (_TX_HDC_FAILED (sourceImage)) return false;
  13752: 
  13753:     // Это автоматическое определение размеров картинки (точнее, HDC источника - source) с помощью txGetExtent().

# 1 in void Birsd::draw() at C:\Мищенко Кирилл\GAME\main.cpp:44:

     42:  void draw()
     43:     {
=>   44:       txTransparentBlt (txDC(),x,y,w ,h, image,0,0,TX_WHITE);
     45: 
     46:     }

--------------------------------------------------
Developed with:

The Dumb Artist Library (TX Library)
TXLib [Ver: 00173a, Rev: 173, Date: 2024-06-23 22:37:05 +0400]
Copyright (C) Ded (Ilya Dedinsky, http://txlib.ru) <mail@txlib.ru>
See license on: http://txlib.ru

TXLib file:	c:\codeblocks\codeblocks\mingw\include\txlib.h
Compiled:	Feb  6 2025 10:22:09, GNU g++ 4.8.1, std=201103L, MinGW Runtime 3.20, 32-bit, DEBUG
Started:	Feb 06 2025 10:22:26

Run file:	C:\Мищенко Кирилл\GAME\bin\Debug\GAME.exe
Directory:	C:\Мищенко Кирилл\GAME

--------------------------------------------------

--------------------------------------------------
TXLib соболезнует...

Программа: C:\Мищенко Кирилл\GAME\bin\Debug\GAME.exe, файл: c:\codeblocks\codeblocks\mingw\include\txlib.h, строка: 13751, функция: bool {anonymous}::TX::txTransparentBlt(HDC, double, double, double, double, HDC, double, double, COLORREF),

Сообщение: Параметр "sourceImage" неверен. Возможно, этот холст не создан, или уже уничтожен, или не загрузилась картинка.

#1: TXLib [Ver: 00173a, Rev: 173, Date: 2024-06-23 22:37:05 +0400], Instance: 0x005062FC (32-bit), Flags: CMdRe0, Thread: 0x1F64 (Main), GetLastError(): 13 (Недопустимые данные). 

--------------------------------------------------
Стек вызовов:



--------------------------------------------------
Стек вызовов TX:

# 0 in bool {anonymous}::TX::txTransparentBlt(HDC, double, double, double, double, HDC, double, double, COLORREF) at c:\codeblocks\codeblocks\mingw\include\txlib.h:13751:

  13749: 
  13750: $1  if (_TX_HDC_FAILED (destImage))   return false;
=>13751: $   if (_TX_HDC_FAILED (sourceImage)) return false;
  13752: 
  13753:     // Это автоматическое определение размеров картинки (точнее, HDC источника - source) с помощью txGetExtent().

# 1 in void Birsd::draw() at C:\Мищенко Кирилл\GAME\main.cpp:44:

     42:  void draw()
     43:     {
=>   44:       txTransparentBlt (txDC(),x,y,w ,h, image,0,0,TX_WHITE);
     45: 
     46:     }

--------------------------------------------------
Developed with:

The Dumb Artist Library (TX Library)
TXLib [Ver: 00173a, Rev: 173, Date: 2024-06-23 22:37:05 +0400]
Copyright (C) Ded (Ilya Dedinsky, http://txlib.ru) <mail@txlib.ru>
See license on: http://txlib.ru

TXLib file:	c:\codeblocks\codeblocks\mingw\include\txlib.h
Compiled:	Feb 11 2025 10:04:39, GNU g++ 4.8.1, std=201103L, MinGW Runtime 3.20, 32-bit, DEBUG
Started:	Feb 11 2025 10:05:11

Run file:	C:\Мищенко Кирилл\GAME\bin\Debug\GAME.exe
Directory:	C:\Мищенко Кирилл\GAME

--------------------------------------------------

--------------------------------------------------
TXLib соболезнует...

Программа: C:\Мищенко Кирилл\GAME\bin\Debug\GAME.exe, файл: c:\codeblocks\codeblocks\mingw\include\txlib.h, строка: 13751, функция: bool {anonymous}::TX::txTransparentBlt(HDC, double, double, double, double, HDC, double, double, COLORREF),

Сообщение: Параметр "sourceImage" неверен. Возможно, этот холст не создан, или уже уничтожен, или не загрузилась картинка.

#1: TXLib [Ver: 00173a, Rev: 173, Date: 2024-06-23 22:37:05 +0400], Instance: 0x005062FC (32-bit), Flags: CMdRe0, Thread: 0x1D7C (Main), GetLastError(): 13 (Недопустимые данные). 

--------------------------------------------------
Стек вызовов:



--------------------------------------------------
Стек вызовов TX:

# 0 in bool {anonymous}::TX::txTransparentBlt(HDC, double, double, double, double, HDC, double, double, COLORREF) at c:\codeblocks\codeblocks\mingw\include\txlib.h:13751:

  13749: 
  13750: $1  if (_TX_HDC_FAILED (destImage))   return false;
=>13751: $   if (_TX_HDC_FAILED (sourceImage)) return false;
  13752: 
  13753:     // Это автоматическое определение размеров картинки (точнее, HDC источника - source) с помощью txGetExtent().

# 1 in void Birsd::draw() at C:\Мищенко Кирилл\GAME\main.cpp:44:

     42:  void draw()
     43:     {
=>   44:       txTransparentBlt (txDC(),x,y,w ,h, image,0,0,TX_WHITE);
     45: 
     46:     }

--------------------------------------------------
Developed with:

The Dumb Artist Library (TX Library)
TXLib [Ver: 00173a, Rev: 173, Date: 2024-06-23 22:37:05 +0400]
Copyright (C) Ded (Ilya Dedinsky, http://txlib.ru) <mail@txlib.ru>
See license on: http://txlib.ru

TXLib file:	c:\codeblocks\codeblocks\mingw\include\txlib.h
Compiled:	Feb 11 2025 10:06:20, GNU g++ 4.8.1, std=201103L, MinGW Runtime 3.20, 32-bit, DEBUG
Started:	Feb 11 2025 10:06:39

Run file:	C:\Мищенко Кирилл\GAME\bin\Debug\GAME.exe
Directory:	C:\Мищенко Кирилл\GAME

--------------------------------------------------

--------------------------------------------------
TXLib соболезнует...

Программа: C:\Мищенко Кирилл\GAME\bin\Debug\GAME.exe, файл: c:\codeblocks\codeblocks\mingw\include\txlib.h, строка: 13751, функция: bool {anonymous}::TX::txTransparentBlt(HDC, double, double, double, double, HDC, double, double, COLORREF),

Сообщение: Параметр "sourceImage" неверен. Возможно, этот холст не создан, или уже уничтожен, или не загрузилась картинка.

#1: TXLib [Ver: 00173a, Rev: 173, Date: 2024-06-23 22:37:05 +0400], Instance: 0x005062FC (32-bit), Flags: CMdRe0, Thread: 0x29CC (Main), GetLastError(): 13 (Недопустимые данные). 

--------------------------------------------------
Стек вызовов:



--------------------------------------------------
Стек вызовов TX:

# 0 in bool {anonymous}::TX::txTransparentBlt(HDC, double, double, double, double, HDC, double, double, COLORREF) at c:\codeblocks\codeblocks\mingw\include\txlib.h:13751:

  13749: 
  13750: $1  if (_TX_HDC_FAILED (destImage))   return false;
=>13751: $   if (_TX_HDC_FAILED (sourceImage)) return false;
  13752: 
  13753:     // Это автоматическое определение размеров картинки (точнее, HDC источника - source) с помощью txGetExtent().

# 1 in void Birsd::draw() at C:\Мищенко Кирилл\GAME\main.cpp:40:

     38:  void draw()
     39:     {
=>   40:       txTransparentBlt (txDC(),x,y,w ,h, image,0,0,TX_WHITE);
     41: 
     42:     }

--------------------------------------------------
Developed with:

The Dumb Artist Library (TX Library)
TXLib [Ver: 00173a, Rev: 173, Date: 2024-06-23 22:37:05 +0400]
Copyright (C) Ded (Ilya Dedinsky, http://txlib.ru) <mail@txlib.ru>
See license on: http://txlib.ru

TXLib file:	c:\codeblocks\codeblocks\mingw\include\txlib.h
Compiled:	Feb 11 2025 10:18:31, GNU g++ 4.8.1, std=201103L, MinGW Runtime 3.20, 32-bit, DEBUG
Started:	Feb 11 2025 10:18:49

Run file:	C:\Мищенко Кирилл\GAME\bin\Debug\GAME.exe
Directory:	C:\Мищенко Кирилл\GAME

--------------------------------------------------
