
--------------------------------------------------
TXLib соболезнует...

Программа: C:\Мищенко Кирилл\GAME\bin\Debug\GAME.exe, файл: c:\codeblocks\codeblocks\mingw\include\txlib.h, строка: 14346, функция: intptr_t {anonymous}::TX::txPlayVideo(int, int, int, int, const char*, double, double, HWND),

Сообщение: Возможно, окно рисования не создано или не в порядке.

#1: TXLib [Ver: 00173a, Rev: 173, Date: 2024-06-23 22:37:05 +0400], Instance: 0x005052FC (32-bit), Flags: CMdre0, Thread: 0x428 (Main), GetLastError(): 13 (Недопустимые данные). 

--------------------------------------------------
Стек вызовов:



--------------------------------------------------
Стек вызовов TX:

# 0 in intptr_t {anonymous}::TX::txPlayVideo(int, int, int, int, const char*, double, double, HWND) at c:\codeblocks\codeblocks\mingw\include\txlib.h:14346:

  14344:                       double zoom /*= 0*/, double gain /*= 1*/, HWND wnd /*= txWindow()*/)
  14345:     {
=>14346: $1  if (wnd && wnd == txWindow() && _TX_TXWINDOW_FAILED()) return -1;
  14347: 
  14348: $   int time = GetTickCount();  //-V2551

# 1 in intptr_t {anonymous}::TX::txPlayVideo(const char*, double, double, HWND) at c:\codeblocks\codeblocks\mingw\include\txlib.h:14498:

  14496: intptr_t txPlayVideo (const char fileName[], double zoom /*= 0*/, double gain /*= 0*/, HWND wnd /*= txWindow()*/)
  14497:     {
=>14498: $1  return txPlayVideo (0, 0, 0, 0, fileName, zoom, gain, wnd);
  14499:     }
  14500: 

# 2 in void {anonymous}::TX::_txCleanup() at c:\codeblocks\codeblocks\mingw\include\txlib.h:9116:

   9114: 
   9115: $   txSpeak     (NULL);
=> 9116: $   txPlayVideo (NULL);
   9117: 
   9118: $   delete _txCanvas_UserDCs;

# 3 in void {anonymous}::TX::_txOnCExit() at c:\codeblocks\codeblocks\mingw\include\txlib.h:8925:

   8923:     OutputDebugString ("\n");
   8924: 
=> 8925: $5  _txCleanup();
   8926: 
   8927:     _TX_CALLv (Win32::_cexit, ());

# 4 in int main() at C:\Мищенко Кирилл\GAME\main.cpp:7:

      5:     {
      6:     txCreateWindow (1000, 1200);
=>    7:     txTextCursor (false);
      8: 
      9: 

--------------------------------------------------
Developed with:

The Dumb Artist Library (TX Library)
TXLib [Ver: 00173a, Rev: 173, Date: 2024-06-23 22:37:05 +0400]
Copyright (C) Ded (Ilya Dedinsky, http://txlib.ru) <mail@txlib.ru>
See license on: http://txlib.ru

TXLib file:	c:\codeblocks\codeblocks\mingw\include\txlib.h
Compiled:	Jan 14 2025 09:12:29, GNU g++ 4.8.1, std=201103L, MinGW Runtime 3.20, 32-bit, DEBUG
Started:	Jan 14 2025 09:12:48

Run file:	C:\Мищенко Кирилл\GAME\bin\Debug\GAME.exe
Directory:	C:\Мищенко Кирилл\GAME

--------------------------------------------------

--------------------------------------------------
TXLib соболезнует...

Программа: C:\Мищенко Кирилл\GAME\bin\Debug\GAME.exe, файл: c:\codeblocks\codeblocks\mingw\include\txlib.h, строка: 14346, функция: intptr_t {anonymous}::TX::txPlayVideo(int, int, int, int, const char*, double, double, HWND),

Сообщение: Возможно, окно рисования не создано или не в порядке.

#1: TXLib [Ver: 00173a, Rev: 173, Date: 2024-06-23 22:37:05 +0400], Instance: 0x005052FC (32-bit), Flags: CMdre0, Thread: 0xC54 (Main), GetLastError(): 13 (Недопустимые данные). 

--------------------------------------------------
Стек вызовов:



--------------------------------------------------
Стек вызовов TX:

# 0 in intptr_t {anonymous}::TX::txPlayVideo(int, int, int, int, const char*, double, double, HWND) at c:\codeblocks\codeblocks\mingw\include\txlib.h:14346:

  14344:                       double zoom /*= 0*/, double gain /*= 1*/, HWND wnd /*= txWindow()*/)
  14345:     {
=>14346: $1  if (wnd && wnd == txWindow() && _TX_TXWINDOW_FAILED()) return -1;
  14347: 
  14348: $   int time = GetTickCount();  //-V2551

# 1 in intptr_t {anonymous}::TX::txPlayVideo(const char*, double, double, HWND) at c:\codeblocks\codeblocks\mingw\include\txlib.h:14498:

  14496: intptr_t txPlayVideo (const char fileName[], double zoom /*= 0*/, double gain /*= 0*/, HWND wnd /*= txWindow()*/)
  14497:     {
=>14498: $1  return txPlayVideo (0, 0, 0, 0, fileName, zoom, gain, wnd);
  14499:     }
  14500: 

# 2 in void {anonymous}::TX::_txCleanup() at c:\codeblocks\codeblocks\mingw\include\txlib.h:9116:

   9114: 
   9115: $   txSpeak     (NULL);
=> 9116: $   txPlayVideo (NULL);
   9117: 
   9118: $   delete _txCanvas_UserDCs;

# 3 in void {anonymous}::TX::_txOnCExit() at c:\codeblocks\codeblocks\mingw\include\txlib.h:8925:

   8923:     OutputDebugString ("\n");
   8924: 
=> 8925: $5  _txCleanup();
   8926: 
   8927:     _TX_CALLv (Win32::_cexit, ());

# 4 in int main() at C:\Мищенко Кирилл\GAME\main.cpp:7:

      5:     {
      6:     txCreateWindow (1500, 700);
=>    7:     txTextCursor (false);
      8: 
      9: 

--------------------------------------------------
Developed with:

The Dumb Artist Library (TX Library)
TXLib [Ver: 00173a, Rev: 173, Date: 2024-06-23 22:37:05 +0400]
Copyright (C) Ded (Ilya Dedinsky, http://txlib.ru) <mail@txlib.ru>
See license on: http://txlib.ru

TXLib file:	c:\codeblocks\codeblocks\mingw\include\txlib.h
Compiled:	Jan 14 2025 09:13:11, GNU g++ 4.8.1, std=201103L, MinGW Runtime 3.20, 32-bit, DEBUG
Started:	Jan 14 2025 09:13:31

Run file:	C:\Мищенко Кирилл\GAME\bin\Debug\GAME.exe
Directory:	C:\Мищенко Кирилл\GAME

--------------------------------------------------

--------------------------------------------------
TXLib соболезнует...

Программа: C:\Мищенко Кирилл\GAME\bin\Debug\GAME.exe, файл: c:\codeblocks\codeblocks\mingw\include\txlib.h, строка: 13751, функция: bool {anonymous}::TX::txTransparentBlt(HDC, double, double, double, double, HDC, double, double, COLORREF),

Сообщение: Параметр "sourceImage" неверен. Возможно, этот холст не создан, или уже уничтожен, или не загрузилась картинка.

#1: TXLib [Ver: 00173a, Rev: 173, Date: 2024-06-23 22:37:05 +0400], Instance: 0x005062FC (32-bit), Flags: CMdRe0, Thread: 0x2888 (Main), GetLastError(): 13 (Недопустимые данные). 

--------------------------------------------------
Стек вызовов:



--------------------------------------------------
Стек вызовов TX:

# 0 in bool {anonymous}::TX::txTransparentBlt(HDC, double, double, double, double, HDC, double, double, COLORREF) at c:\codeblocks\codeblocks\mingw\include\txlib.h:13751:

  13749: 
  13750: $1  if (_TX_HDC_FAILED (destImage))   return false;
=>13751: $   if (_TX_HDC_FAILED (sourceImage)) return false;
  13752: 
  13753:     // Это автоматическое определение размеров картинки (точнее, HDC источника - source) с помощью txGetExtent().

# 1 in void Sonic::draw() at C:\Мищенко Кирилл\GAME\main.cpp:46:

     44:  void draw()
     45:     {
=>   46:       txTransparentBlt(txDC(),x,300,59,100,image,150*n_card,0,TX_WHITE);
     47: 
     48:     }

--------------------------------------------------
Developed with:

The Dumb Artist Library (TX Library)
TXLib [Ver: 00173a, Rev: 173, Date: 2024-06-23 22:37:05 +0400]
Copyright (C) Ded (Ilya Dedinsky, http://txlib.ru) <mail@txlib.ru>
See license on: http://txlib.ru

TXLib file:	c:\codeblocks\codeblocks\mingw\include\txlib.h
Compiled:	Jan 21 2025 10:10:46, GNU g++ 4.8.1, std=201103L, MinGW Runtime 3.20, 32-bit, DEBUG
Started:	Jan 21 2025 10:11:02

Run file:	C:\Мищенко Кирилл\GAME\bin\Debug\GAME.exe
Directory:	C:\Мищенко Кирилл\GAME

--------------------------------------------------

--------------------------------------------------
TXLib соболезнует...

Программа: C:\Мищенко Кирилл\GAME\bin\Debug\GAME.exe, файл: c:\codeblocks\codeblocks\mingw\include\txlib.h, строка: 13751, функция: bool {anonymous}::TX::txTransparentBlt(HDC, double, double, double, double, HDC, double, double, COLORREF),

Сообщение: Параметр "sourceImage" неверен. Возможно, этот холст не создан, или уже уничтожен, или не загрузилась картинка.

#1: TXLib [Ver: 00173a, Rev: 173, Date: 2024-06-23 22:37:05 +0400], Instance: 0x005062FC (32-bit), Flags: CMdRe0, Thread: 0x1764 (Main), GetLastError(): 13 (Недопустимые данные). 

--------------------------------------------------
Стек вызовов:



--------------------------------------------------
Стек вызовов TX:

# 0 in bool {anonymous}::TX::txTransparentBlt(HDC, double, double, double, double, HDC, double, double, COLORREF) at c:\codeblocks\codeblocks\mingw\include\txlib.h:13751:

  13749: 
  13750: $1  if (_TX_HDC_FAILED (destImage))   return false;
=>13751: $   if (_TX_HDC_FAILED (sourceImage)) return false;
  13752: 
  13753:     // Это автоматическое определение размеров картинки (точнее, HDC источника - source) с помощью txGetExtent().

# 1 in void Sonic::draw() at C:\Мищенко Кирилл\GAME\main.cpp:46:

     44:  void draw()
     45:     {
=>   46:       txTransparentBlt(txDC(),x,300,59,100,image,150*n_card,0,TX_WHITE);
     47: 
     48:     }

--------------------------------------------------
Developed with:

The Dumb Artist Library (TX Library)
TXLib [Ver: 00173a, Rev: 173, Date: 2024-06-23 22:37:05 +0400]
Copyright (C) Ded (Ilya Dedinsky, http://txlib.ru) <mail@txlib.ru>
See license on: http://txlib.ru

TXLib file:	c:\codeblocks\codeblocks\mingw\include\txlib.h
Compiled:	Jan 23 2025 09:13:56, GNU g++ 4.8.1, std=201103L, MinGW Runtime 3.20, 32-bit, DEBUG
Started:	Jan 23 2025 09:14:16

Run file:	C:\Мищенко Кирилл\GAME\bin\Debug\GAME.exe
Directory:	C:\Мищенко Кирилл\GAME

--------------------------------------------------

--------------------------------------------------
TXLib соболезнует...

Программа: C:\Мищенко Кирилл\GAME\bin\Debug\GAME.exe, файл: c:\codeblocks\codeblocks\mingw\include\txlib.h, строка: 13751, функция: bool {anonymous}::TX::txTransparentBlt(HDC, double, double, double, double, HDC, double, double, COLORREF),

Сообщение: Параметр "sourceImage" неверен. Возможно, этот холст не создан, или уже уничтожен, или не загрузилась картинка.

#1: TXLib [Ver: 00173a, Rev: 173, Date: 2024-06-23 22:37:05 +0400], Instance: 0x005062FC (32-bit), Flags: CMdRe0, Thread: 0x10DC (Main), GetLastError(): 13 (Недопустимые данные). 

--------------------------------------------------
Стек вызовов:



--------------------------------------------------
Стек вызовов TX:

# 0 in bool {anonymous}::TX::txTransparentBlt(HDC, double, double, double, double, HDC, double, double, COLORREF) at c:\codeblocks\codeblocks\mingw\include\txlib.h:13751:

  13749: 
  13750: $1  if (_TX_HDC_FAILED (destImage))   return false;
=>13751: $   if (_TX_HDC_FAILED (sourceImage)) return false;
  13752: 
  13753:     // Это автоматическое определение размеров картинки (точнее, HDC источника - source) с помощью txGetExtent().

# 1 in void Sonic::draw() at C:\Мищенко Кирилл\GAME\main.cpp:46:

     44:  void draw()
     45:     {
=>   46:       txTransparentBlt(txDC(),x,300,59,100,image,150*n_card,0,TX_WHITE);
     47: 
     48:     }

--------------------------------------------------
Developed with:

The Dumb Artist Library (TX Library)
TXLib [Ver: 00173a, Rev: 173, Date: 2024-06-23 22:37:05 +0400]
Copyright (C) Ded (Ilya Dedinsky, http://txlib.ru) <mail@txlib.ru>
See license on: http://txlib.ru

TXLib file:	c:\codeblocks\codeblocks\mingw\include\txlib.h
Compiled:	Jan 23 2025 09:18:48, GNU g++ 4.8.1, std=201103L, MinGW Runtime 3.20, 32-bit, DEBUG
Started:	Jan 23 2025 09:19:07

Run file:	C:\Мищенко Кирилл\GAME\bin\Debug\GAME.exe
Directory:	C:\Мищенко Кирилл\GAME

--------------------------------------------------

--------------------------------------------------
TXLib соболезнует...

Программа: C:\Мищенко Кирилл\GAME\bin\Debug\GAME.exe, файл: c:\codeblocks\codeblocks\mingw\include\txlib.h, строка: 13751, функция: bool {anonymous}::TX::txTransparentBlt(HDC, double, double, double, double, HDC, double, double, COLORREF),

Сообщение: Параметр "sourceImage" неверен. Возможно, этот холст не создан, или уже уничтожен, или не загрузилась картинка.

#1: TXLib [Ver: 00173a, Rev: 173, Date: 2024-06-23 22:37:05 +0400], Instance: 0x005062FC (32-bit), Flags: CMdRe0, Thread: 0x2BCC (Main), GetLastError(): 13 (Недопустимые данные). 

--------------------------------------------------
Стек вызовов:



--------------------------------------------------
Стек вызовов TX:

# 0 in bool {anonymous}::TX::txTransparentBlt(HDC, double, double, double, double, HDC, double, double, COLORREF) at c:\codeblocks\codeblocks\mingw\include\txlib.h:13751:

  13749: 
  13750: $1  if (_TX_HDC_FAILED (destImage))   return false;
=>13751: $   if (_TX_HDC_FAILED (sourceImage)) return false;
  13752: 
  13753:     // Это автоматическое определение размеров картинки (точнее, HDC источника - source) с помощью txGetExtent().

# 1 in void Sonic::draw() at C:\Мищенко Кирилл\GAME\main.cpp:46:

     44:  void draw()
     45:     {
=>   46:       txTransparentBlt(txDC(),x,300,59,100,image,150*n_card,0,TX_WHITE);
     47: 
     48:     }

--------------------------------------------------
Developed with:

The Dumb Artist Library (TX Library)
TXLib [Ver: 00173a, Rev: 173, Date: 2024-06-23 22:37:05 +0400]
Copyright (C) Ded (Ilya Dedinsky, http://txlib.ru) <mail@txlib.ru>
See license on: http://txlib.ru

TXLib file:	c:\codeblocks\codeblocks\mingw\include\txlib.h
Compiled:	Jan 23 2025 09:23:04, GNU g++ 4.8.1, std=201103L, MinGW Runtime 3.20, 32-bit, DEBUG
Started:	Jan 23 2025 09:23:23

Run file:	C:\Мищенко Кирилл\GAME\bin\Debug\GAME.exe
Directory:	C:\Мищенко Кирилл\GAME

--------------------------------------------------

--------------------------------------------------
TXLib соболезнует...

Программа: C:\Мищенко Кирилл\GAME\bin\Debug\GAME.exe, файл: c:\codeblocks\codeblocks\mingw\include\txlib.h, строка: 13751, функция: bool {anonymous}::TX::txTransparentBlt(HDC, double, double, double, double, HDC, double, double, COLORREF),

Сообщение: Параметр "sourceImage" неверен. Возможно, этот холст не создан, или уже уничтожен, или не загрузилась картинка.

#1: TXLib [Ver: 00173a, Rev: 173, Date: 2024-06-23 22:37:05 +0400], Instance: 0x005062FC (32-bit), Flags: CMdRe0, Thread: 0xADC (Main), GetLastError(): 13 (Недопустимые данные). 

--------------------------------------------------
Стек вызовов:



--------------------------------------------------
Стек вызовов TX:

# 0 in bool {anonymous}::TX::txTransparentBlt(HDC, double, double, double, double, HDC, double, double, COLORREF) at c:\codeblocks\codeblocks\mingw\include\txlib.h:13751:

  13749: 
  13750: $1  if (_TX_HDC_FAILED (destImage))   return false;
=>13751: $   if (_TX_HDC_FAILED (sourceImage)) return false;
  13752: 
  13753:     // Это автоматическое определение размеров картинки (точнее, HDC источника - source) с помощью txGetExtent().

# 1 in void Sonic::draw() at C:\Мищенко Кирилл\GAME\main.cpp:46:

     44:  void draw()
     45:     {
=>   46:       txTransparentBlt(txDC(),x,300,59,100,image,150*n_card,0,TX_WHITE);
     47: 
     48:     }

--------------------------------------------------
Developed with:

The Dumb Artist Library (TX Library)
TXLib [Ver: 00173a, Rev: 173, Date: 2024-06-23 22:37:05 +0400]
Copyright (C) Ded (Ilya Dedinsky, http://txlib.ru) <mail@txlib.ru>
See license on: http://txlib.ru

TXLib file:	c:\codeblocks\codeblocks\mingw\include\txlib.h
Compiled:	Jan 23 2025 09:24:35, GNU g++ 4.8.1, std=201103L, MinGW Runtime 3.20, 32-bit, DEBUG
Started:	Jan 23 2025 09:24:52

Run file:	C:\Мищенко Кирилл\GAME\bin\Debug\GAME.exe
Directory:	C:\Мищенко Кирилл\GAME

--------------------------------------------------

--------------------------------------------------
TXLib соболезнует...

Программа: C:\Мищенко Кирилл\GAME\bin\Debug\GAME.exe, файл: c:\codeblocks\codeblocks\mingw\include\txlib.h, строка: 13751, функция: bool {anonymous}::TX::txTransparentBlt(HDC, double, double, double, double, HDC, double, double, COLORREF),

Сообщение: Параметр "sourceImage" неверен. Возможно, этот холст не создан, или уже уничтожен, или не загрузилась картинка.

#1: TXLib [Ver: 00173a, Rev: 173, Date: 2024-06-23 22:37:05 +0400], Instance: 0x005062FC (32-bit), Flags: CMdRe0, Thread: 0x2DE0 (Main), GetLastError(): 13 (Недопустимые данные). 

--------------------------------------------------
Стек вызовов:



--------------------------------------------------
Стек вызовов TX:

# 0 in bool {anonymous}::TX::txTransparentBlt(HDC, double, double, double, double, HDC, double, double, COLORREF) at c:\codeblocks\codeblocks\mingw\include\txlib.h:13751:

  13749: 
  13750: $1  if (_TX_HDC_FAILED (destImage))   return false;
=>13751: $   if (_TX_HDC_FAILED (sourceImage)) return false;
  13752: 
  13753:     // Это автоматическое определение размеров картинки (точнее, HDC источника - source) с помощью txGetExtent().

# 1 in void Sonic::draw() at C:\Мищенко Кирилл\GAME\main.cpp:46:

     44:  void draw()
     45:     {
=>   46:       txTransparentBlt(txDC(),x,165,330,100,image,165*n_card,0,TX_WHITE);
     47: 
     48:     }

--------------------------------------------------
Developed with:

The Dumb Artist Library (TX Library)
TXLib [Ver: 00173a, Rev: 173, Date: 2024-06-23 22:37:05 +0400]
Copyright (C) Ded (Ilya Dedinsky, http://txlib.ru) <mail@txlib.ru>
See license on: http://txlib.ru

TXLib file:	c:\codeblocks\codeblocks\mingw\include\txlib.h
Compiled:	Jan 23 2025 09:27:30, GNU g++ 4.8.1, std=201103L, MinGW Runtime 3.20, 32-bit, DEBUG
Started:	Jan 23 2025 09:27:46

Run file:	C:\Мищенко Кирилл\GAME\bin\Debug\GAME.exe
Directory:	C:\Мищенко Кирилл\GAME

--------------------------------------------------

--------------------------------------------------
TXLib соболезнует...

Программа: C:\Мищенко Кирилл\GAME\bin\Debug\GAME.exe, файл: c:\codeblocks\codeblocks\mingw\include\txlib.h, строка: 13751, функция: bool {anonymous}::TX::txTransparentBlt(HDC, double, double, double, double, HDC, double, double, COLORREF),

Сообщение: Параметр "sourceImage" неверен. Возможно, этот холст не создан, или уже уничтожен, или не загрузилась картинка.

#1: TXLib [Ver: 00173a, Rev: 173, Date: 2024-06-23 22:37:05 +0400], Instance: 0x005062FC (32-bit), Flags: CMdRe0, Thread: 0x2640 (Main), GetLastError(): 13 (Недопустимые данные). 

--------------------------------------------------
Стек вызовов:



--------------------------------------------------
Стек вызовов TX:

# 0 in bool {anonymous}::TX::txTransparentBlt(HDC, double, double, double, double, HDC, double, double, COLORREF) at c:\codeblocks\codeblocks\mingw\include\txlib.h:13751:

  13749: 
  13750: $1  if (_TX_HDC_FAILED (destImage))   return false;
=>13751: $   if (_TX_HDC_FAILED (sourceImage)) return false;
  13752: 
  13753:     // Это автоматическое определение размеров картинки (точнее, HDC источника - source) с помощью txGetExtent().

# 1 in void Sonic::draw() at C:\Мищенко Кирилл\GAME\main.cpp:46:

     44:  void draw()
     45:     {
=>   46:       txTransparentBlt(txDC(),x,165,330,300,image,165*n_card,0,TX_WHITE);
     47: 
     48:     }

--------------------------------------------------
Developed with:

The Dumb Artist Library (TX Library)
TXLib [Ver: 00173a, Rev: 173, Date: 2024-06-23 22:37:05 +0400]
Copyright (C) Ded (Ilya Dedinsky, http://txlib.ru) <mail@txlib.ru>
See license on: http://txlib.ru

TXLib file:	c:\codeblocks\codeblocks\mingw\include\txlib.h
Compiled:	Jan 23 2025 09:31:13, GNU g++ 4.8.1, std=201103L, MinGW Runtime 3.20, 32-bit, DEBUG
Started:	Jan 23 2025 09:31:29

Run file:	C:\Мищенко Кирилл\GAME\bin\Debug\GAME.exe
Directory:	C:\Мищенко Кирилл\GAME

--------------------------------------------------

--------------------------------------------------
TXLib соболезнует...

Программа: C:\Мищенко Кирилл\GAME\bin\Debug\GAME.exe, файл: c:\codeblocks\codeblocks\mingw\include\txlib.h, строка: 13313, функция: bool {anonymous}::TX::txClear(HDC),

Сообщение: Окно рисования не создано или не в порядке.
Если вы указали параметр "dc", то он неверен.

#1: TXLib [Ver: 00173a, Rev: 173, Date: 2024-06-23 22:37:05 +0400], Instance: 0x005062FC (32-bit), Flags: CMdrE0, Thread: 0x20EC (Main), GetLastError(): 2 (Не удается найти указанный файл). 

--------------------------------------------------
Стек вызовов:



--------------------------------------------------
Стек вызовов TX:

# 0 in bool {anonymous}::TX::txClear(HDC) at c:\codeblocks\codeblocks\mingw\include\txlib.h:13313:

  13311: bool txClear (HDC dc /*= txDC()*/)
  13312:     {
=>13313: $1  if (_TX_DEFAULT_HDC_FAILED (dc)) return false;
  13314: 
  13315: $   POINT size = txGetExtent (dc);

# 1 in int main() at C:\Мищенко Кирилл\GAME\main.cpp:76:

     74:  while(!GetAsyncKeyState(VK_ESCAPE))
     75:  {
=>   76:      txClear();
     77:      txBegin();
     78: 

--------------------------------------------------
Developed with:

The Dumb Artist Library (TX Library)
TXLib [Ver: 00173a, Rev: 173, Date: 2024-06-23 22:37:05 +0400]
Copyright (C) Ded (Ilya Dedinsky, http://txlib.ru) <mail@txlib.ru>
See license on: http://txlib.ru

TXLib file:	c:\codeblocks\codeblocks\mingw\include\txlib.h
Compiled:	Jan 28 2025 09:20:20, GNU g++ 4.8.1, std=201103L, MinGW Runtime 3.20, 32-bit, DEBUG
Started:	Jan 28 2025 09:20:40

Run file:	C:\Мищенко Кирилл\GAME\bin\Debug\GAME.exe
Directory:	C:\Мищенко Кирилл\GAME

--------------------------------------------------

--------------------------------------------------
TXLib соболезнует...

Программа: C:\Мищенко Кирилл\GAME\bin\Debug\GAME.exe, файл: c:\codeblocks\codeblocks\mingw\include\txlib.h, строка: 13751, функция: bool {anonymous}::TX::txTransparentBlt(HDC, double, double, double, double, HDC, double, double, COLORREF),

Сообщение: Параметр "sourceImage" неверен. Возможно, этот холст не создан, или уже уничтожен, или не загрузилась картинка.

#1: TXLib [Ver: 00173a, Rev: 173, Date: 2024-06-23 22:37:05 +0400], Instance: 0x005062FC (32-bit), Flags: CMdRe0, Thread: 0x2FC8 (Main), GetLastError(): 13 (Недопустимые данные). 

--------------------------------------------------
Стек вызовов:



--------------------------------------------------
Стек вызовов TX:

# 0 in bool {anonymous}::TX::txTransparentBlt(HDC, double, double, double, double, HDC, double, double, COLORREF) at c:\codeblocks\codeblocks\mingw\include\txlib.h:13751:

  13749: 
  13750: $1  if (_TX_HDC_FAILED (destImage))   return false;
=>13751: $   if (_TX_HDC_FAILED (sourceImage)) return false;
  13752: 
  13753:     // Это автоматическое определение размеров картинки (точнее, HDC источника - source) с помощью txGetExtent().

# 1 in void Sonic::draw() at C:\Мищенко Кирилл\GAME\main.cpp:46:

     44:  void draw()
     45:     {
=>   46:       txTransparentBlt(txDC(),x,y,330,300,image,165*n_card,0,TX_WHITE);
     47: 
     48:     }

--------------------------------------------------
Developed with:

The Dumb Artist Library (TX Library)
TXLib [Ver: 00173a, Rev: 173, Date: 2024-06-23 22:37:05 +0400]
Copyright (C) Ded (Ilya Dedinsky, http://txlib.ru) <mail@txlib.ru>
See license on: http://txlib.ru

TXLib file:	c:\codeblocks\codeblocks\mingw\include\txlib.h
Compiled:	Jan 28 2025 09:26:00, GNU g++ 4.8.1, std=201103L, MinGW Runtime 3.20, 32-bit, DEBUG
Started:	Jan 28 2025 09:26:19

Run file:	C:\Мищенко Кирилл\GAME\bin\Debug\GAME.exe
Directory:	C:\Мищенко Кирилл\GAME

--------------------------------------------------

--------------------------------------------------
TXLib соболезнует...

Программа: C:\Мищенко Кирилл\GAME\bin\Debug\GAME.exe, файл: c:\codeblocks\codeblocks\mingw\include\txlib.h, строка: 13751, функция: bool {anonymous}::TX::txTransparentBlt(HDC, double, double, double, double, HDC, double, double, COLORREF),

Сообщение: Параметр "sourceImage" неверен. Возможно, этот холст не создан, или уже уничтожен, или не загрузилась картинка.

#1: TXLib [Ver: 00173a, Rev: 173, Date: 2024-06-23 22:37:05 +0400], Instance: 0x005062FC (32-bit), Flags: CMdRe0, Thread: 0xC98 (Main), GetLastError(): 13 (Недопустимые данные). 

--------------------------------------------------
Стек вызовов:



--------------------------------------------------
Стек вызовов TX:

# 0 in bool {anonymous}::TX::txTransparentBlt(HDC, double, double, double, double, HDC, double, double, COLORREF) at c:\codeblocks\codeblocks\mingw\include\txlib.h:13751:

  13749: 
  13750: $1  if (_TX_HDC_FAILED (destImage))   return false;
=>13751: $   if (_TX_HDC_FAILED (sourceImage)) return false;
  13752: 
  13753:     // Это автоматическое определение размеров картинки (точнее, HDC источника - source) с помощью txGetExtent().

# 1 in void Sonic::draw() at C:\Мищенко Кирилл\GAME\main.cpp:15:

     13:  void draw()
     14:     {
=>   15:       txTransparentBlt(txDC(),x,100,330,300,image,165*n_card,0,TX_WHITE);
     16: 
     17:     }

--------------------------------------------------
Developed with:

The Dumb Artist Library (TX Library)
TXLib [Ver: 00173a, Rev: 173, Date: 2024-06-23 22:37:05 +0400]
Copyright (C) Ded (Ilya Dedinsky, http://txlib.ru) <mail@txlib.ru>
See license on: http://txlib.ru

TXLib file:	c:\codeblocks\codeblocks\mingw\include\txlib.h
Compiled:	Jan 28 2025 09:41:18, GNU g++ 4.8.1, std=201103L, MinGW Runtime 3.20, 32-bit, DEBUG
Started:	Jan 28 2025 09:41:34

Run file:	C:\Мищенко Кирилл\GAME\bin\Debug\GAME.exe
Directory:	C:\Мищенко Кирилл\GAME

--------------------------------------------------

--------------------------------------------------
TXLib соболезнует...

Программа: C:\Мищенко Кирилл\GAME\bin\Debug\GAME.exe, файл: c:\codeblocks\codeblocks\mingw\include\txlib.h, строка: 13751, функция: bool {anonymous}::TX::txTransparentBlt(HDC, double, double, double, double, HDC, double, double, COLORREF),

Сообщение: Параметр "sourceImage" неверен. Возможно, этот холст не создан, или уже уничтожен, или не загрузилась картинка.

#1: TXLib [Ver: 00173a, Rev: 173, Date: 2024-06-23 22:37:05 +0400], Instance: 0x005062FC (32-bit), Flags: CMdRe0, Thread: 0x4E8 (Main), GetLastError(): 13 (Недопустимые данные). 

--------------------------------------------------
Стек вызовов:



--------------------------------------------------
Стек вызовов TX:

# 0 in bool {anonymous}::TX::txTransparentBlt(HDC, double, double, double, double, HDC, double, double, COLORREF) at c:\codeblocks\codeblocks\mingw\include\txlib.h:13751:

  13749: 
  13750: $1  if (_TX_HDC_FAILED (destImage))   return false;
=>13751: $   if (_TX_HDC_FAILED (sourceImage)) return false;
  13752: 
  13753:     // Это автоматическое определение размеров картинки (точнее, HDC источника - source) с помощью txGetExtent().

# 1 in void Sonic::draw() at C:\Мищенко Кирилл\GAME\main.cpp:15:

     13:  void draw()
     14:     {
=>   15:       txTransparentBlt(txDC(),x,100,330,300,image,165*n_card,0,TX_WHITE);
     16: 
     17:     }

--------------------------------------------------
Developed with:

The Dumb Artist Library (TX Library)
TXLib [Ver: 00173a, Rev: 173, Date: 2024-06-23 22:37:05 +0400]
Copyright (C) Ded (Ilya Dedinsky, http://txlib.ru) <mail@txlib.ru>
See license on: http://txlib.ru

TXLib file:	c:\codeblocks\codeblocks\mingw\include\txlib.h
Compiled:	Jan 28 2025 10:06:23, GNU g++ 4.8.1, std=201103L, MinGW Runtime 3.20, 32-bit, DEBUG
Started:	Jan 28 2025 10:06:59

Run file:	C:\Мищенко Кирилл\GAME\bin\Debug\GAME.exe
Directory:	C:\Мищенко Кирилл\GAME

--------------------------------------------------

--------------------------------------------------
TXLib соболезнует...

Программа: C:\Мищенко Кирилл\GAME\bin\Debug\GAME.exe, файл: c:\codeblocks\codeblocks\mingw\include\txlib.h, строка: 13751, функция: bool {anonymous}::TX::txTransparentBlt(HDC, double, double, double, double, HDC, double, double, COLORREF),

Сообщение: Параметр "sourceImage" неверен. Возможно, этот холст не создан, или уже уничтожен, или не загрузилась картинка.

#1: TXLib [Ver: 00173a, Rev: 173, Date: 2024-06-23 22:37:05 +0400], Instance: 0x005062FC (32-bit), Flags: CMdRe0, Thread: 0x27EC (Main), GetLastError(): 13 (Недопустимые данные). 

--------------------------------------------------
Стек вызовов:



--------------------------------------------------
Стек вызовов TX:

# 0 in bool {anonymous}::TX::txTransparentBlt(HDC, double, double, double, double, HDC, double, double, COLORREF) at c:\codeblocks\codeblocks\mingw\include\txlib.h:13751:

  13749: 
  13750: $1  if (_TX_HDC_FAILED (destImage))   return false;
=>13751: $   if (_TX_HDC_FAILED (sourceImage)) return false;
  13752: 
  13753:     // Это автоматическое определение размеров картинки (точнее, HDC источника - source) с помощью txGetExtent().

# 1 in void Sonic::draw() at C:\Мищенко Кирилл\GAME\main.cpp:15:

     13:  void draw()
     14:     {
=>   15:       txTransparentBlt(txDC(),x,100,330,300,image,165*n_card,0,TX_WHITE);
     16: 
     17:     }

--------------------------------------------------
Developed with:

The Dumb Artist Library (TX Library)
TXLib [Ver: 00173a, Rev: 173, Date: 2024-06-23 22:37:05 +0400]
Copyright (C) Ded (Ilya Dedinsky, http://txlib.ru) <mail@txlib.ru>
See license on: http://txlib.ru

TXLib file:	c:\codeblocks\codeblocks\mingw\include\txlib.h
Compiled:	Jan 28 2025 10:07:36, GNU g++ 4.8.1, std=201103L, MinGW Runtime 3.20, 32-bit, DEBUG
Started:	Jan 28 2025 10:07:55

Run file:	C:\Мищенко Кирилл\GAME\bin\Debug\GAME.exe
Directory:	C:\Мищенко Кирилл\GAME

--------------------------------------------------

--------------------------------------------------
TXLib соболезнует...

Программа: C:\Мищенко Кирилл\GAME\bin\Debug\GAME.exe, файл: c:\codeblocks\codeblocks\mingw\include\txlib.h, строка: 13751, функция: bool {anonymous}::TX::txTransparentBlt(HDC, double, double, double, double, HDC, double, double, COLORREF),

Сообщение: Параметр "sourceImage" неверен. Возможно, этот холст не создан, или уже уничтожен, или не загрузилась картинка.

#1: TXLib [Ver: 00173a, Rev: 173, Date: 2024-06-23 22:37:05 +0400], Instance: 0x005062FC (32-bit), Flags: CMdRe0, Thread: 0x14F0 (Main), GetLastError(): 13 (Недопустимые данные). 

--------------------------------------------------
Стек вызовов:



--------------------------------------------------
Стек вызовов TX:

# 0 in bool {anonymous}::TX::txTransparentBlt(HDC, double, double, double, double, HDC, double, double, COLORREF) at c:\codeblocks\codeblocks\mingw\include\txlib.h:13751:

  13749: 
  13750: $1  if (_TX_HDC_FAILED (destImage))   return false;
=>13751: $   if (_TX_HDC_FAILED (sourceImage)) return false;
  13752: 
  13753:     // Это автоматическое определение размеров картинки (точнее, HDC источника - source) с помощью txGetExtent().

# 1 in void Sonic::draw() at C:\Мищенко Кирилл\GAME\main.cpp:15:

     13:  void draw()
     14:     {
=>   15:       txTransparentBlt(txDC(),1195,165,330,300,image,165*n_card,0,TX_WHITE);
     16: 
     17:     }

--------------------------------------------------
Developed with:

The Dumb Artist Library (TX Library)
TXLib [Ver: 00173a, Rev: 173, Date: 2024-06-23 22:37:05 +0400]
Copyright (C) Ded (Ilya Dedinsky, http://txlib.ru) <mail@txlib.ru>
See license on: http://txlib.ru

TXLib file:	c:\codeblocks\codeblocks\mingw\include\txlib.h
Compiled:	Feb  4 2025 09:06:49, GNU g++ 4.8.1, std=201103L, MinGW Runtime 3.20, 32-bit, DEBUG
Started:	Feb 04 2025 09:07:10

Run file:	C:\Мищенко Кирилл\GAME\bin\Debug\GAME.exe
Directory:	C:\Мищенко Кирилл\GAME

--------------------------------------------------

--------------------------------------------------
TXLib соболезнует...

Программа: C:\Мищенко Кирилл\GAME\bin\Debug\GAME.exe, файл: c:\codeblocks\codeblocks\mingw\include\txlib.h, строка: 13751, функция: bool {anonymous}::TX::txTransparentBlt(HDC, double, double, double, double, HDC, double, double, COLORREF),

Сообщение: Параметр "sourceImage" неверен. Возможно, этот холст не создан, или уже уничтожен, или не загрузилась картинка.

#1: TXLib [Ver: 00173a, Rev: 173, Date: 2024-06-23 22:37:05 +0400], Instance: 0x005062FC (32-bit), Flags: CMdRe0, Thread: 0x1E54 (Main), GetLastError(): 13 (Недопустимые данные). 

--------------------------------------------------
Стек вызовов:



--------------------------------------------------
Стек вызовов TX:

# 0 in bool {anonymous}::TX::txTransparentBlt(HDC, double, double, double, double, HDC, double, double, COLORREF) at c:\codeblocks\codeblocks\mingw\include\txlib.h:13751:

  13749: 
  13750: $1  if (_TX_HDC_FAILED (destImage))   return false;
=>13751: $   if (_TX_HDC_FAILED (sourceImage)) return false;
  13752: 
  13753:     // Это автоматическое определение размеров картинки (точнее, HDC источника - source) с помощью txGetExtent().

# 1 in void Sonic::draw() at C:\Мищенко Кирилл\GAME\main.cpp:15:

     13:  void draw()
     14:     {
=>   15:       txTransparentBlt(txDC(),1195,165,330,300,image,165*n_card,0,TX_WHITE);
     16: 
     17:     }

--------------------------------------------------
Developed with:

The Dumb Artist Library (TX Library)
TXLib [Ver: 00173a, Rev: 173, Date: 2024-06-23 22:37:05 +0400]
Copyright (C) Ded (Ilya Dedinsky, http://txlib.ru) <mail@txlib.ru>
See license on: http://txlib.ru

TXLib file:	c:\codeblocks\codeblocks\mingw\include\txlib.h
Compiled:	Feb  4 2025 09:11:38, GNU g++ 4.8.1, std=201103L, MinGW Runtime 3.20, 32-bit, DEBUG
Started:	Feb 04 2025 09:11:56

Run file:	C:\Мищенко Кирилл\GAME\bin\Debug\GAME.exe
Directory:	C:\Мищенко Кирилл\GAME

--------------------------------------------------

--------------------------------------------------
TXLib соболезнует...

Программа: C:\Мищенко Кирилл\GAME\bin\Debug\GAME.exe, файл: c:\codeblocks\codeblocks\mingw\include\txlib.h, строка: 13751, функция: bool {anonymous}::TX::txTransparentBlt(HDC, double, double, double, double, HDC, double, double, COLORREF),

Сообщение: Параметр "sourceImage" неверен. Возможно, этот холст не создан, или уже уничтожен, или не загрузилась картинка.

#1: TXLib [Ver: 00173a, Rev: 173, Date: 2024-06-23 22:37:05 +0400], Instance: 0x005062FC (32-bit), Flags: CMdRe0, Thread: 0x1350 (Main), GetLastError(): 13 (Недопустимые данные). 

--------------------------------------------------
Стек вызовов:



--------------------------------------------------
Стек вызовов TX:

# 0 in bool {anonymous}::TX::txTransparentBlt(HDC, double, double, double, double, HDC, double, double, COLORREF) at c:\codeblocks\codeblocks\mingw\include\txlib.h:13751:

  13749: 
  13750: $1  if (_TX_HDC_FAILED (destImage))   return false;
=>13751: $   if (_TX_HDC_FAILED (sourceImage)) return false;
  13752: 
  13753:     // Это автоматическое определение размеров картинки (точнее, HDC источника - source) с помощью txGetExtent().

# 1 in void Mario::draw() at C:\Мищенко Кирилл\gegegre\main.cpp:19:

     17: 
     18: 
=>   19:     txTransparentBlt (txDC(),x,y,w ,h, image,0,0,TX_WHITE);
     20: }
     21: 

--------------------------------------------------
Developed with:

The Dumb Artist Library (TX Library)
TXLib [Ver: 00173a, Rev: 173, Date: 2024-06-23 22:37:05 +0400]
Copyright (C) Ded (Ilya Dedinsky, http://txlib.ru) <mail@txlib.ru>
See license on: http://txlib.ru

TXLib file:	c:\codeblocks\codeblocks\mingw\include\txlib.h
Compiled:	Feb  6 2025 09:50:25, GNU g++ 4.8.1, std=201103L, MinGW Runtime 3.20, 32-bit, DEBUG
Started:	Feb 06 2025 09:50:42

Run file:	C:\Мищенко Кирилл\GAME\bin\Debug\GAME.exe
Directory:	C:\Мищенко Кирилл\GAME

--------------------------------------------------

--------------------------------------------------
TXLib соболезнует...

Программа: C:\Мищенко Кирилл\GAME\bin\Debug\GAME.exe, файл: c:\codeblocks\codeblocks\mingw\include\txlib.h, строка: 13751, функция: bool {anonymous}::TX::txTransparentBlt(HDC, double, double, double, double, HDC, double, double, COLORREF),

Сообщение: Параметр "sourceImage" неверен. Возможно, этот холст не создан, или уже уничтожен, или не загрузилась картинка.

#1: TXLib [Ver: 00173a, Rev: 173, Date: 2024-06-23 22:37:05 +0400], Instance: 0x005062FC (32-bit), Flags: CMdRe0, Thread: 0x3FC (Main), GetLastError(): 13 (Недопустимые данные). 

--------------------------------------------------
Стек вызовов:



--------------------------------------------------
Стек вызовов TX:

# 0 in bool {anonymous}::TX::txTransparentBlt(HDC, double, double, double, double, HDC, double, double, COLORREF) at c:\codeblocks\codeblocks\mingw\include\txlib.h:13751:

  13749: 
  13750: $1  if (_TX_HDC_FAILED (destImage))   return false;
=>13751: $   if (_TX_HDC_FAILED (sourceImage)) return false;
  13752: 
  13753:     // Это автоматическое определение размеров картинки (точнее, HDC источника - source) с помощью txGetExtent().

# 1 in void Mario::draw() at C:\Мищенко Кирилл\gegegre\main.cpp:19:

     17: 
     18: 
=>   19:     txTransparentBlt (txDC(),x,y,w ,h, image,0,0,TX_WHITE);
     20: }
     21: 

--------------------------------------------------
Developed with:

The Dumb Artist Library (TX Library)
TXLib [Ver: 00173a, Rev: 173, Date: 2024-06-23 22:37:05 +0400]
Copyright (C) Ded (Ilya Dedinsky, http://txlib.ru) <mail@txlib.ru>
See license on: http://txlib.ru

TXLib file:	c:\codeblocks\codeblocks\mingw\include\txlib.h
Compiled:	Feb  6 2025 09:50:25, GNU g++ 4.8.1, std=201103L, MinGW Runtime 3.20, 32-bit, DEBUG
Started:	Feb 06 2025 10:05:13

Run file:	C:\Мищенко Кирилл\GAME\bin\Debug\GAME.exe
Directory:	C:\Мищенко Кирилл\GAME

--------------------------------------------------

--------------------------------------------------
TXLib соболезнует...

Программа: C:\Мищенко Кирилл\GAME\bin\Debug\GAME.exe, файл: c:\codeblocks\codeblocks\mingw\include\txlib.h, строка: 13751, функция: bool {anonymous}::TX::txTransparentBlt(HDC, double, double, double, double, HDC, double, double, COLORREF),

Сообщение: Параметр "sourceImage" неверен. Возможно, этот холст не создан, или уже уничтожен, или не загрузилась картинка.

#1: TXLib [Ver: 00173a, Rev: 173, Date: 2024-06-23 22:37:05 +0400], Instance: 0x005062FC (32-bit), Flags: CMdRe0, Thread: 0x1120 (Main), GetLastError(): 13 (Недопустимые данные). 

--------------------------------------------------
Стек вызовов:



--------------------------------------------------
Стек вызовов TX:

# 0 in bool {anonymous}::TX::txTransparentBlt(HDC, double, double, double, double, HDC, double, double, COLORREF) at c:\codeblocks\codeblocks\mingw\include\txlib.h:13751:

  13749: 
  13750: $1  if (_TX_HDC_FAILED (destImage))   return false;
=>13751: $   if (_TX_HDC_FAILED (sourceImage)) return false;
  13752: 
  13753:     // Это автоматическое определение размеров картинки (точнее, HDC источника - source) с помощью txGetExtent().

# 1 in void Birsd::draw() at C:\Мищенко Кирилл\GAME\main.cpp:44:

     42:  void draw()
     43:     {
=>   44:       txTransparentBlt (txDC(),x,y,w ,h, image,0,0,TX_WHITE);
     45: 
     46:     }

--------------------------------------------------
Developed with:

The Dumb Artist Library (TX Library)
TXLib [Ver: 00173a, Rev: 173, Date: 2024-06-23 22:37:05 +0400]
Copyright (C) Ded (Ilya Dedinsky, http://txlib.ru) <mail@txlib.ru>
See license on: http://txlib.ru

TXLib file:	c:\codeblocks\codeblocks\mingw\include\txlib.h
Compiled:	Feb  6 2025 10:19:49, GNU g++ 4.8.1, std=201103L, MinGW Runtime 3.20, 32-bit, DEBUG
Started:	Feb 06 2025 10:20:06

Run file:	C:\Мищенко Кирилл\GAME\bin\Debug\GAME.exe
Directory:	C:\Мищенко Кирилл\GAME

--------------------------------------------------

--------------------------------------------------
TXLib соболезнует...

Программа: C:\Мищенко Кирилл\GAME\bin\Debug\GAME.exe, файл: c:\codeblocks\codeblocks\mingw\include\txlib.h, строка: 13751, функция: bool {anonymous}::TX::txTransparentBlt(HDC, double, double, double, double, HDC, double, double, COLORREF),

Сообщение: Параметр "sourceImage" неверен. Возможно, этот холст не создан, или уже уничтожен, или не загрузилась картинка.

#1: TXLib [Ver: 00173a, Rev: 173, Date: 2024-06-23 22:37:05 +0400], Instance: 0x005062FC (32-bit), Flags: CMdRe0, Thread: 0x718 (Main), GetLastError(): 13 (Недопустимые данные). 

--------------------------------------------------
Стек вызовов:



--------------------------------------------------
Стек вызовов TX:

# 0 in bool {anonymous}::TX::txTransparentBlt(HDC, double, double, double, double, HDC, double, double, COLORREF) at c:\codeblocks\codeblocks\mingw\include\txlib.h:13751:

  13749: 
  13750: $1  if (_TX_HDC_FAILED (destImage))   return false;
=>13751: $   if (_TX_HDC_FAILED (sourceImage)) return false;
  13752: 
  13753:     // Это автоматическое определение размеров картинки (точнее, HDC источника - source) с помощью txGetExtent().

# 1 in void Birsd::draw() at C:\Мищенко Кирилл\GAME\main.cpp:44:

     42:  void draw()
     43:     {
=>   44:       txTransparentBlt (txDC(),x,y,w ,h, image,0,0,TX_WHITE);
     45: 
     46:     }

--------------------------------------------------
Developed with:

The Dumb Artist Library (TX Library)
TXLib [Ver: 00173a, Rev: 173, Date: 2024-06-23 22:37:05 +0400]
Copyright (C) Ded (Ilya Dedinsky, http://txlib.ru) <mail@txlib.ru>
See license on: http://txlib.ru

TXLib file:	c:\codeblocks\codeblocks\mingw\include\txlib.h
Compiled:	Feb  6 2025 10:22:09, GNU g++ 4.8.1, std=201103L, MinGW Runtime 3.20, 32-bit, DEBUG
Started:	Feb 06 2025 10:22:26

Run file:	C:\Мищенко Кирилл\GAME\bin\Debug\GAME.exe
Directory:	C:\Мищенко Кирилл\GAME

--------------------------------------------------

--------------------------------------------------
TXLib соболезнует...

Программа: C:\Мищенко Кирилл\GAME\bin\Debug\GAME.exe, файл: c:\codeblocks\codeblocks\mingw\include\txlib.h, строка: 13751, функция: bool {anonymous}::TX::txTransparentBlt(HDC, double, double, double, double, HDC, double, double, COLORREF),

Сообщение: Параметр "sourceImage" неверен. Возможно, этот холст не создан, или уже уничтожен, или не загрузилась картинка.

#1: TXLib [Ver: 00173a, Rev: 173, Date: 2024-06-23 22:37:05 +0400], Instance: 0x005062FC (32-bit), Flags: CMdRe0, Thread: 0x1F64 (Main), GetLastError(): 13 (Недопустимые данные). 

--------------------------------------------------
Стек вызовов:



--------------------------------------------------
Стек вызовов TX:

# 0 in bool {anonymous}::TX::txTransparentBlt(HDC, double, double, double, double, HDC, double, double, COLORREF) at c:\codeblocks\codeblocks\mingw\include\txlib.h:13751:

  13749: 
  13750: $1  if (_TX_HDC_FAILED (destImage))   return false;
=>13751: $   if (_TX_HDC_FAILED (sourceImage)) return false;
  13752: 
  13753:     // Это автоматическое определение размеров картинки (точнее, HDC источника - source) с помощью txGetExtent().

# 1 in void Birsd::draw() at C:\Мищенко Кирилл\GAME\main.cpp:44:

     42:  void draw()
     43:     {
=>   44:       txTransparentBlt (txDC(),x,y,w ,h, image,0,0,TX_WHITE);
     45: 
     46:     }

--------------------------------------------------
Developed with:

The Dumb Artist Library (TX Library)
TXLib [Ver: 00173a, Rev: 173, Date: 2024-06-23 22:37:05 +0400]
Copyright (C) Ded (Ilya Dedinsky, http://txlib.ru) <mail@txlib.ru>
See license on: http://txlib.ru

TXLib file:	c:\codeblocks\codeblocks\mingw\include\txlib.h
Compiled:	Feb 11 2025 10:04:39, GNU g++ 4.8.1, std=201103L, MinGW Runtime 3.20, 32-bit, DEBUG
Started:	Feb 11 2025 10:05:11

Run file:	C:\Мищенко Кирилл\GAME\bin\Debug\GAME.exe
Directory:	C:\Мищенко Кирилл\GAME

--------------------------------------------------

--------------------------------------------------
TXLib соболезнует...

Программа: C:\Мищенко Кирилл\GAME\bin\Debug\GAME.exe, файл: c:\codeblocks\codeblocks\mingw\include\txlib.h, строка: 13751, функция: bool {anonymous}::TX::txTransparentBlt(HDC, double, double, double, double, HDC, double, double, COLORREF),

Сообщение: Параметр "sourceImage" неверен. Возможно, этот холст не создан, или уже уничтожен, или не загрузилась картинка.

#1: TXLib [Ver: 00173a, Rev: 173, Date: 2024-06-23 22:37:05 +0400], Instance: 0x005062FC (32-bit), Flags: CMdRe0, Thread: 0x1D7C (Main), GetLastError(): 13 (Недопустимые данные). 

--------------------------------------------------
Стек вызовов:



--------------------------------------------------
Стек вызовов TX:

# 0 in bool {anonymous}::TX::txTransparentBlt(HDC, double, double, double, double, HDC, double, double, COLORREF) at c:\codeblocks\codeblocks\mingw\include\txlib.h:13751:

  13749: 
  13750: $1  if (_TX_HDC_FAILED (destImage))   return false;
=>13751: $   if (_TX_HDC_FAILED (sourceImage)) return false;
  13752: 
  13753:     // Это автоматическое определение размеров картинки (точнее, HDC источника - source) с помощью txGetExtent().

# 1 in void Birsd::draw() at C:\Мищенко Кирилл\GAME\main.cpp:44:

     42:  void draw()
     43:     {
=>   44:       txTransparentBlt (txDC(),x,y,w ,h, image,0,0,TX_WHITE);
     45: 
     46:     }

--------------------------------------------------
Developed with:

The Dumb Artist Library (TX Library)
TXLib [Ver: 00173a, Rev: 173, Date: 2024-06-23 22:37:05 +0400]
Copyright (C) Ded (Ilya Dedinsky, http://txlib.ru) <mail@txlib.ru>
See license on: http://txlib.ru

TXLib file:	c:\codeblocks\codeblocks\mingw\include\txlib.h
Compiled:	Feb 11 2025 10:06:20, GNU g++ 4.8.1, std=201103L, MinGW Runtime 3.20, 32-bit, DEBUG
Started:	Feb 11 2025 10:06:39

Run file:	C:\Мищенко Кирилл\GAME\bin\Debug\GAME.exe
Directory:	C:\Мищенко Кирилл\GAME

--------------------------------------------------

--------------------------------------------------
TXLib соболезнует...

Программа: C:\Мищенко Кирилл\GAME\bin\Debug\GAME.exe, файл: c:\codeblocks\codeblocks\mingw\include\txlib.h, строка: 13751, функция: bool {anonymous}::TX::txTransparentBlt(HDC, double, double, double, double, HDC, double, double, COLORREF),

Сообщение: Параметр "sourceImage" неверен. Возможно, этот холст не создан, или уже уничтожен, или не загрузилась картинка.

#1: TXLib [Ver: 00173a, Rev: 173, Date: 2024-06-23 22:37:05 +0400], Instance: 0x005062FC (32-bit), Flags: CMdRe0, Thread: 0x29CC (Main), GetLastError(): 13 (Недопустимые данные). 

--------------------------------------------------
Стек вызовов:



--------------------------------------------------
Стек вызовов TX:

# 0 in bool {anonymous}::TX::txTransparentBlt(HDC, double, double, double, double, HDC, double, double, COLORREF) at c:\codeblocks\codeblocks\mingw\include\txlib.h:13751:

  13749: 
  13750: $1  if (_TX_HDC_FAILED (destImage))   return false;
=>13751: $   if (_TX_HDC_FAILED (sourceImage)) return false;
  13752: 
  13753:     // Это автоматическое определение размеров картинки (точнее, HDC источника - source) с помощью txGetExtent().

# 1 in void Birsd::draw() at C:\Мищенко Кирилл\GAME\main.cpp:40:

     38:  void draw()
     39:     {
=>   40:       txTransparentBlt (txDC(),x,y,w ,h, image,0,0,TX_WHITE);
     41: 
     42:     }

--------------------------------------------------
Developed with:

The Dumb Artist Library (TX Library)
TXLib [Ver: 00173a, Rev: 173, Date: 2024-06-23 22:37:05 +0400]
Copyright (C) Ded (Ilya Dedinsky, http://txlib.ru) <mail@txlib.ru>
See license on: http://txlib.ru

TXLib file:	c:\codeblocks\codeblocks\mingw\include\txlib.h
Compiled:	Feb 11 2025 10:18:31, GNU g++ 4.8.1, std=201103L, MinGW Runtime 3.20, 32-bit, DEBUG
Started:	Feb 11 2025 10:18:49

Run file:	C:\Мищенко Кирилл\GAME\bin\Debug\GAME.exe
Directory:	C:\Мищенко Кирилл\GAME

--------------------------------------------------

--------------------------------------------------
TXLib соболезнует...

Программа: C:\кирилл\GAME-main\GAME\bin\Debug\GAME.exe, файл: c:\codeblocks\codeblocks\mingw\include\txlib.h, строка: 13751, функция: bool {anonymous}::TX::txTransparentBlt(HDC, double, double, double, double, HDC, double, double, COLORREF),

Сообщение: Параметр "sourceImage" неверен. Возможно, этот холст не создан, или уже уничтожен, или не загрузилась картинка.

#1: TXLib [Ver: 00173a, Rev: 173, Date: 2024-06-23 22:37:05 +0400], Instance: 0x005072FC (32-bit), Flags: CMdRe0, Thread: 0x29C0 (Main), GetLastError(): 13 (Недопустимые данные). 

--------------------------------------------------
Стек вызовов:



--------------------------------------------------
Стек вызовов TX:

# 0 in bool {anonymous}::TX::txTransparentBlt(HDC, double, double, double, double, HDC, double, double, COLORREF) at c:\codeblocks\codeblocks\mingw\include\txlib.h:13751:

  13749: 
  13750: $1  if (_TX_HDC_FAILED (destImage))   return false;
=>13751: $   if (_TX_HDC_FAILED (sourceImage)) return false;
  13752: 
  13753:     // Это автоматическое определение размеров картинки (точнее, HDC источника - source) с помощью txGetExtent().

# 1 in void Birsd::draw() at C:\кирилл\GAME-main\GAME\main.cpp:40:

     38:  void draw()
     39:     {
=>   40:       txTransparentBlt (txDC(),x,y,w ,h, image,0,0,TX_WHITE);
     41: 
     42:     }

--------------------------------------------------
Developed with:

The Dumb Artist Library (TX Library)
TXLib [Ver: 00173a, Rev: 173, Date: 2024-06-23 22:37:05 +0400]
Copyright (C) Ded (Ilya Dedinsky, http://txlib.ru) <mail@txlib.ru>
See license on: http://txlib.ru

TXLib file:	c:\codeblocks\codeblocks\mingw\include\txlib.h
Compiled:	Mar 11 2025 09:24:45, GNU g++ 4.8.1, std=201103L, MinGW Runtime 3.20, 32-bit, DEBUG
Started:	Mar 11 2025 09:25:18

Run file:	C:\кирилл\GAME-main\GAME\bin\Debug\GAME.exe
Directory:	C:\кирилл\GAME-main\GAME

--------------------------------------------------

--------------------------------------------------
TXLib сообщает:

Программа: C:\кирилл\GAME-main\GAME\bin\Debug\GAME.exe, файл: c:\codeblocks\codeblocks\mingw\include\txlib.h, строка: 13772, функция: bool {anonymous}::TX::txTransparentBlt(HDC, double, double, double, double, HDC, double, double, COLORREF),

Сообщение: Прямоугольник копируемой области {1.67772e+007, 0, 1.67782e+007, 600} не полностью лежит внутри изображения-источника {0, 0, 1000, 600}, функция txTransparentBlt() работать не будет.

#1: TXLib [Ver: 00173a, Rev: 173, Date: 2024-06-23 22:37:05 +0400], Instance: 0x005072FC (32-bit), Flags: CMdRe0, Thread: 0x4C8 (Main), GetLastError(): 13 (Недопустимые данные). 
From: c:\codeblocks\codeblocks\mingw\include\txlib.h:13771 bool {anonymous}::TX::txTransparentBlt(HDC, double, double, double, double, HDC, double, double, COLORREF).

--------------------------------------------------
Стек вызовов:



--------------------------------------------------
Стек вызовов TX:

# 0 in bool {anonymous}::TX::txTransparentBlt(HDC, double, double, double, double, HDC, double, double, COLORREF) at c:\codeblocks\codeblocks\mingw\include\txlib.h:13771:

  13769:         {
  13770: $       SetLastError (ERROR_INVALID_DATA);
=>13771: $       TX_ERROR ("Прямоугольник копируемой области {%g, %g, %g, %g} не полностью лежит внутри изображения-источника {%d, %d, %d, %d}, "
  13772:                   "функция txTransparentBlt() работать не будет.", xSource, ySource, xSource + width, ySource + height, 0, 0, (int) size.x, (int) size.y);
  13773:         }

# 1 in void Fon::draw() at C:\кирилл\GAME-main\GAME\main.cpp:15:

     13:  void draw()
     14:     {
=>   15:       txTransparentBlt (txDC(),x,y,w ,h,image,TX_WHITE);
     16: 
     17:     }

--------------------------------------------------
Developed with:

The Dumb Artist Library (TX Library)
TXLib [Ver: 00173a, Rev: 173, Date: 2024-06-23 22:37:05 +0400]
Copyright (C) Ded (Ilya Dedinsky, http://txlib.ru) <mail@txlib.ru>
See license on: http://txlib.ru

TXLib file:	c:\codeblocks\codeblocks\mingw\include\txlib.h
Compiled:	Mar 11 2025 10:02:10, GNU g++ 4.8.1, std=201103L, MinGW Runtime 3.20, 32-bit, DEBUG
Started:	Mar 11 2025 10:02:31

Run file:	C:\кирилл\GAME-main\GAME\bin\Debug\GAME.exe
Directory:	C:\кирилл\GAME-main\GAME

--------------------------------------------------

--------------------------------------------------
TXLib соболезнует...

Программа: C:\кирилл\GAME-main\GAME\bin\Debug\GAME.exe, файл: c:\codeblocks\codeblocks\mingw\include\txlib.h, строка: 10937, функция: bool {anonymous}::TX::_txBuffer_Delete(HDC__**),

Сообщение: Параметр "*dc" неверен. Возможно, этот холст не создан, или уже уничтожен, или не загрузилась картинка.

#1: TXLib [Ver: 00173a, Rev: 173, Date: 2024-06-23 22:37:05 +0400], Instance: 0x005072FC (32-bit), Flags: CMdrE0, Thread: 0x18C0 (Canvas), GetLastError(): 13 (Недопустимые данные). 

--------------------------------------------------
Стек вызовов:



--------------------------------------------------
Стек вызовов TX:

# 0 in bool {anonymous}::TX::_txBuffer_Delete(HDC__**) at c:\codeblocks\codeblocks\mingw\include\txlib.h:10937:

  10935: $1  if (_TX_ARGUMENT_FAILED (dc)) return false;
  10936: $   if (                   !*dc)  return false;
=>10937: $   if (_TX_HDC_FAILED     (*dc)) return false;
  10938: 
  10939: $   if (!Win32::GetObjectType (Win32::GetCurrentObject (*dc, OBJ_BITMAP))) return false;

# 1 in bool {anonymous}::TX::_txCanvas_OnDESTROY(HWND) at c:\codeblocks\codeblocks\mingw\include\txlib.h:10144:

  10142: $       Sleep (_TX_TIMEOUT);
  10143: 
=>10144: $       for (size_t i = 0; i < _txCanvas_UserDCs->size(); i++) _txBuffer_Delete (&_txCanvas_UserDCs->at (i));
  10145: $       _txCanvas_UserDCs->clear();
  10146:         }

# 2 in LRESULT {anonymous}::TX::_txCanvas_WndProc(HWND, UINT, WPARAM, LPARAM) at c:\codeblocks\codeblocks\mingw\include\txlib.h:10052:

  10050: 
  10051:         case WM_CLOSE:          {$ if (_txCanvas_OnCLOSE      (wnd))  break;       else return 0; }
=>10052:         case WM_DESTROY:        {$     _txCanvas_OnDESTROY    (wnd);                    return 0; }
  10053: 
  10054:         case WM_ERASEBKGND:     {$ if (!bkErased) { bkErased = true;  break; }     else return 1; }

# 3 in unsigned int {anonymous}::TX::_txCanvas_ThreadProc(void*) at c:\codeblocks\codeblocks\mingw\include\txlib.h:9837:

   9835: $       DispatchMessage  (&msg);
   9836: 
=> 9837: $       Sleep (0);
   9838:         }
   9839: 

--------------------------------------------------
Developed with:

The Dumb Artist Library (TX Library)
TXLib [Ver: 00173a, Rev: 173, Date: 2024-06-23 22:37:05 +0400]
Copyright (C) Ded (Ilya Dedinsky, http://txlib.ru) <mail@txlib.ru>
See license on: http://txlib.ru

TXLib file:	c:\codeblocks\codeblocks\mingw\include\txlib.h
Compiled:	Mar 11 2025 10:10:54, GNU g++ 4.8.1, std=201103L, MinGW Runtime 3.20, 32-bit, DEBUG
Started:	Mar 11 2025 10:11:54

Run file:	C:\кирилл\GAME-main\GAME\bin\Debug\GAME.exe
Directory:	C:\кирилл\GAME-main\GAME

--------------------------------------------------

--------------------------------------------------
TXLib соболезнует...

Программа: C:\кирилл\GAME-main\GAME\bin\Debug\GAME.exe, файл: c:\codeblocks\codeblocks\mingw\include\txlib.h, строка: 10937, функция: bool {anonymous}::TX::_txBuffer_Delete(HDC__**),

Сообщение: Параметр "*dc" неверен. Возможно, этот холст не создан, или уже уничтожен, или не загрузилась картинка.

#1: TXLib [Ver: 00173a, Rev: 173, Date: 2024-06-23 22:37:05 +0400], Instance: 0x005072FC (32-bit), Flags: CMdrE0, Thread: 0xC38 (Canvas), GetLastError(): 13 (Недопустимые данные). 

--------------------------------------------------
Стек вызовов:



--------------------------------------------------
Стек вызовов TX:

# 0 in bool {anonymous}::TX::_txBuffer_Delete(HDC__**) at c:\codeblocks\codeblocks\mingw\include\txlib.h:10937:

  10935: $1  if (_TX_ARGUMENT_FAILED (dc)) return false;
  10936: $   if (                   !*dc)  return false;
=>10937: $   if (_TX_HDC_FAILED     (*dc)) return false;
  10938: 
  10939: $   if (!Win32::GetObjectType (Win32::GetCurrentObject (*dc, OBJ_BITMAP))) return false;

# 1 in bool {anonymous}::TX::_txCanvas_OnDESTROY(HWND) at c:\codeblocks\codeblocks\mingw\include\txlib.h:10144:

  10142: $       Sleep (_TX_TIMEOUT);
  10143: 
=>10144: $       for (size_t i = 0; i < _txCanvas_UserDCs->size(); i++) _txBuffer_Delete (&_txCanvas_UserDCs->at (i));
  10145: $       _txCanvas_UserDCs->clear();
  10146:         }

# 2 in LRESULT {anonymous}::TX::_txCanvas_WndProc(HWND, UINT, WPARAM, LPARAM) at c:\codeblocks\codeblocks\mingw\include\txlib.h:10052:

  10050: 
  10051:         case WM_CLOSE:          {$ if (_txCanvas_OnCLOSE      (wnd))  break;       else return 0; }
=>10052:         case WM_DESTROY:        {$     _txCanvas_OnDESTROY    (wnd);                    return 0; }
  10053: 
  10054:         case WM_ERASEBKGND:     {$ if (!bkErased) { bkErased = true;  break; }     else return 1; }

# 3 in unsigned int {anonymous}::TX::_txCanvas_ThreadProc(void*) at c:\codeblocks\codeblocks\mingw\include\txlib.h:9837:

   9835: $       DispatchMessage  (&msg);
   9836: 
=> 9837: $       Sleep (0);
   9838:         }
   9839: 

--------------------------------------------------
Developed with:

The Dumb Artist Library (TX Library)
TXLib [Ver: 00173a, Rev: 173, Date: 2024-06-23 22:37:05 +0400]
Copyright (C) Ded (Ilya Dedinsky, http://txlib.ru) <mail@txlib.ru>
See license on: http://txlib.ru

TXLib file:	c:\codeblocks\codeblocks\mingw\include\txlib.h
Compiled:	Mar 11 2025 10:14:55, GNU g++ 4.8.1, std=201103L, MinGW Runtime 3.20, 32-bit, DEBUG
Started:	Mar 11 2025 10:15:16

Run file:	C:\кирилл\GAME-main\GAME\bin\Debug\GAME.exe
Directory:	C:\кирилл\GAME-main\GAME

--------------------------------------------------

--------------------------------------------------
TXLib сообщает:

Программа: C:\кирилл\GAME-main\GAME\bin\Debug\GAME.exe, файл: c:\codeblocks\codeblocks\mingw\include\txlib.h, строка: 13772, функция: bool {anonymous}::TX::txTransparentBlt(HDC, double, double, double, double, HDC, double, double, COLORREF),

Сообщение: Прямоугольник копируемой области {0, 0, 261, 481} не полностью лежит внутри изображения-источника {0, 0, 161, 281}, функция txTransparentBlt() работать не будет.

#1: TXLib [Ver: 00173a, Rev: 173, Date: 2024-06-23 22:37:05 +0400], Instance: 0x005072FC (32-bit), Flags: CMdRe0, Thread: 0x19FC (Main), GetLastError(): 13 (Недопустимые данные). 
From: c:\codeblocks\codeblocks\mingw\include\txlib.h:13771 bool {anonymous}::TX::txTransparentBlt(HDC, double, double, double, double, HDC, double, double, COLORREF).

--------------------------------------------------
Стек вызовов:



--------------------------------------------------
Стек вызовов TX:

# 0 in bool {anonymous}::TX::txTransparentBlt(HDC, double, double, double, double, HDC, double, double, COLORREF) at c:\codeblocks\codeblocks\mingw\include\txlib.h:13771:

  13769:         {
  13770: $       SetLastError (ERROR_INVALID_DATA);
=>13771: $       TX_ERROR ("Прямоугольник копируемой области {%g, %g, %g, %g} не полностью лежит внутри изображения-источника {%d, %d, %d, %d}, "
  13772:                   "функция txTransparentBlt() работать не будет.", xSource, ySource, xSource + width, ySource + height, 0, 0, (int) size.x, (int) size.y);
  13773:         }

# 1 in void Truba::draw() at C:\кирилл\GAME-main\GAME\main.cpp:37:

     35:  void draw()
     36:     {
=>   37:       txTransparentBlt (txDC(),x,y,w ,h, image,0,0,TX_WHITE);
     38: 
     39:     }

--------------------------------------------------
Developed with:

The Dumb Artist Library (TX Library)
TXLib [Ver: 00173a, Rev: 173, Date: 2024-06-23 22:37:05 +0400]
Copyright (C) Ded (Ilya Dedinsky, http://txlib.ru) <mail@txlib.ru>
See license on: http://txlib.ru

TXLib file:	c:\codeblocks\codeblocks\mingw\include\txlib.h
Compiled:	Mar 11 2025 10:14:55, GNU g++ 4.8.1, std=201103L, MinGW Runtime 3.20, 32-bit, DEBUG
Started:	Mar 11 2025 10:16:48

Run file:	C:\кирилл\GAME-main\GAME\bin\Debug\GAME.exe
Directory:	C:\кирилл\GAME-main\GAME

--------------------------------------------------

--------------------------------------------------
TXLib соболезнует...

Программа: C:\кирилл\GAME-main\GAME\bin\Debug\GAME.exe, файл: c:\codeblocks\codeblocks\mingw\include\txlib.h, строка: 10937, функция: bool {anonymous}::TX::_txBuffer_Delete(HDC__**),

Сообщение: Параметр "*dc" неверен. Возможно, этот холст не создан, или уже уничтожен, или не загрузилась картинка.

#1: TXLib [Ver: 00173a, Rev: 173, Date: 2024-06-23 22:37:05 +0400], Instance: 0x005072FC (32-bit), Flags: CMdrE0, Thread: 0x280C (Canvas), GetLastError(): 13 (Недопустимые данные). 

--------------------------------------------------
Стек вызовов:



--------------------------------------------------
Стек вызовов TX:

# 0 in bool {anonymous}::TX::_txBuffer_Delete(HDC__**) at c:\codeblocks\codeblocks\mingw\include\txlib.h:10937:

  10935: $1  if (_TX_ARGUMENT_FAILED (dc)) return false;
  10936: $   if (                   !*dc)  return false;
=>10937: $   if (_TX_HDC_FAILED     (*dc)) return false;
  10938: 
  10939: $   if (!Win32::GetObjectType (Win32::GetCurrentObject (*dc, OBJ_BITMAP))) return false;

# 1 in bool {anonymous}::TX::_txCanvas_OnDESTROY(HWND) at c:\codeblocks\codeblocks\mingw\include\txlib.h:10144:

  10142: $       Sleep (_TX_TIMEOUT);
  10143: 
=>10144: $       for (size_t i = 0; i < _txCanvas_UserDCs->size(); i++) _txBuffer_Delete (&_txCanvas_UserDCs->at (i));
  10145: $       _txCanvas_UserDCs->clear();
  10146:         }

# 2 in LRESULT {anonymous}::TX::_txCanvas_WndProc(HWND, UINT, WPARAM, LPARAM) at c:\codeblocks\codeblocks\mingw\include\txlib.h:10052:

  10050: 
  10051:         case WM_CLOSE:          {$ if (_txCanvas_OnCLOSE      (wnd))  break;       else return 0; }
=>10052:         case WM_DESTROY:        {$     _txCanvas_OnDESTROY    (wnd);                    return 0; }
  10053: 
  10054:         case WM_ERASEBKGND:     {$ if (!bkErased) { bkErased = true;  break; }     else return 1; }

# 3 in unsigned int {anonymous}::TX::_txCanvas_ThreadProc(void*) at c:\codeblocks\codeblocks\mingw\include\txlib.h:9837:

   9835: $       DispatchMessage  (&msg);
   9836: 
=> 9837: $       Sleep (0);
   9838:         }
   9839: 

--------------------------------------------------
Developed with:

The Dumb Artist Library (TX Library)
TXLib [Ver: 00173a, Rev: 173, Date: 2024-06-23 22:37:05 +0400]
Copyright (C) Ded (Ilya Dedinsky, http://txlib.ru) <mail@txlib.ru>
See license on: http://txlib.ru

TXLib file:	c:\codeblocks\codeblocks\mingw\include\txlib.h
Compiled:	Mar 11 2025 10:17:05, GNU g++ 4.8.1, std=201103L, MinGW Runtime 3.20, 32-bit, DEBUG
Started:	Mar 11 2025 10:17:29

Run file:	C:\кирилл\GAME-main\GAME\bin\Debug\GAME.exe
Directory:	C:\кирилл\GAME-main\GAME

--------------------------------------------------

--------------------------------------------------
TXLib соболезнует...

Программа: C:\кирилл\GAME-main\GAME\bin\Debug\GAME.exe, файл: c:\codeblocks\codeblocks\mingw\include\txlib.h, строка: 10937, функция: bool {anonymous}::TX::_txBuffer_Delete(HDC__**),

Сообщение: Параметр "*dc" неверен. Возможно, этот холст не создан, или уже уничтожен, или не загрузилась картинка.

#1: TXLib [Ver: 00173a, Rev: 173, Date: 2024-06-23 22:37:05 +0400], Instance: 0x005072FC (32-bit), Flags: CMdrE0, Thread: 0x24A0 (Canvas), GetLastError(): 13 (Недопустимые данные). 

--------------------------------------------------
Стек вызовов:



--------------------------------------------------
Стек вызовов TX:

# 0 in bool {anonymous}::TX::_txBuffer_Delete(HDC__**) at c:\codeblocks\codeblocks\mingw\include\txlib.h:10937:

  10935: $1  if (_TX_ARGUMENT_FAILED (dc)) return false;
  10936: $   if (                   !*dc)  return false;
=>10937: $   if (_TX_HDC_FAILED     (*dc)) return false;
  10938: 
  10939: $   if (!Win32::GetObjectType (Win32::GetCurrentObject (*dc, OBJ_BITMAP))) return false;

# 1 in bool {anonymous}::TX::_txCanvas_OnDESTROY(HWND) at c:\codeblocks\codeblocks\mingw\include\txlib.h:10144:

  10142: $       Sleep (_TX_TIMEOUT);
  10143: 
=>10144: $       for (size_t i = 0; i < _txCanvas_UserDCs->size(); i++) _txBuffer_Delete (&_txCanvas_UserDCs->at (i));
  10145: $       _txCanvas_UserDCs->clear();
  10146:         }

# 2 in LRESULT {anonymous}::TX::_txCanvas_WndProc(HWND, UINT, WPARAM, LPARAM) at c:\codeblocks\codeblocks\mingw\include\txlib.h:10052:

  10050: 
  10051:         case WM_CLOSE:          {$ if (_txCanvas_OnCLOSE      (wnd))  break;       else return 0; }
=>10052:         case WM_DESTROY:        {$     _txCanvas_OnDESTROY    (wnd);                    return 0; }
  10053: 
  10054:         case WM_ERASEBKGND:     {$ if (!bkErased) { bkErased = true;  break; }     else return 1; }

# 3 in unsigned int {anonymous}::TX::_txCanvas_ThreadProc(void*) at c:\codeblocks\codeblocks\mingw\include\txlib.h:9837:

   9835: $       DispatchMessage  (&msg);
   9836: 
=> 9837: $       Sleep (0);
   9838:         }
   9839: 

--------------------------------------------------
Developed with:

The Dumb Artist Library (TX Library)
TXLib [Ver: 00173a, Rev: 173, Date: 2024-06-23 22:37:05 +0400]
Copyright (C) Ded (Ilya Dedinsky, http://txlib.ru) <mail@txlib.ru>
See license on: http://txlib.ru

TXLib file:	c:\codeblocks\codeblocks\mingw\include\txlib.h
Compiled:	Mar 11 2025 10:22:16, GNU g++ 4.8.1, std=201103L, MinGW Runtime 3.20, 32-bit, DEBUG
Started:	Mar 11 2025 10:22:39

Run file:	C:\кирилл\GAME-main\GAME\bin\Debug\GAME.exe
Directory:	C:\кирилл\GAME-main\GAME

--------------------------------------------------

--------------------------------------------------
TXLib соболезнует...

Программа: C:\кирилл\GAME-main\GAME\bin\Debug\GAME.exe, файл: c:\codeblocks\codeblocks\mingw\include\txlib.h, строка: 10937, функция: bool {anonymous}::TX::_txBuffer_Delete(HDC__**),

Сообщение: Параметр "*dc" неверен. Возможно, этот холст не создан, или уже уничтожен, или не загрузилась картинка.

#1: TXLib [Ver: 00173a, Rev: 173, Date: 2024-06-23 22:37:05 +0400], Instance: 0x005072FC (32-bit), Flags: CMdrE0, Thread: 0x1924 (Canvas), GetLastError(): 13 (Недопустимые данные). 

--------------------------------------------------
Стек вызовов:



--------------------------------------------------
Стек вызовов TX:

# 0 in bool {anonymous}::TX::_txBuffer_Delete(HDC__**) at c:\codeblocks\codeblocks\mingw\include\txlib.h:10937:

  10935: $1  if (_TX_ARGUMENT_FAILED (dc)) return false;
  10936: $   if (                   !*dc)  return false;
=>10937: $   if (_TX_HDC_FAILED     (*dc)) return false;
  10938: 
  10939: $   if (!Win32::GetObjectType (Win32::GetCurrentObject (*dc, OBJ_BITMAP))) return false;

# 1 in bool {anonymous}::TX::_txCanvas_OnDESTROY(HWND) at c:\codeblocks\codeblocks\mingw\include\txlib.h:10144:

  10142: $       Sleep (_TX_TIMEOUT);
  10143: 
=>10144: $       for (size_t i = 0; i < _txCanvas_UserDCs->size(); i++) _txBuffer_Delete (&_txCanvas_UserDCs->at (i));
  10145: $       _txCanvas_UserDCs->clear();
  10146:         }

# 2 in LRESULT {anonymous}::TX::_txCanvas_WndProc(HWND, UINT, WPARAM, LPARAM) at c:\codeblocks\codeblocks\mingw\include\txlib.h:10052:

  10050: 
  10051:         case WM_CLOSE:          {$ if (_txCanvas_OnCLOSE      (wnd))  break;       else return 0; }
=>10052:         case WM_DESTROY:        {$     _txCanvas_OnDESTROY    (wnd);                    return 0; }
  10053: 
  10054:         case WM_ERASEBKGND:     {$ if (!bkErased) { bkErased = true;  break; }     else return 1; }

# 3 in unsigned int {anonymous}::TX::_txCanvas_ThreadProc(void*) at c:\codeblocks\codeblocks\mingw\include\txlib.h:9837:

   9835: $       DispatchMessage  (&msg);
   9836: 
=> 9837: $       Sleep (0);
   9838:         }
   9839: 

--------------------------------------------------
Developed with:

The Dumb Artist Library (TX Library)
TXLib [Ver: 00173a, Rev: 173, Date: 2024-06-23 22:37:05 +0400]
Copyright (C) Ded (Ilya Dedinsky, http://txlib.ru) <mail@txlib.ru>
See license on: http://txlib.ru

TXLib file:	c:\codeblocks\codeblocks\mingw\include\txlib.h
Compiled:	Mar 11 2025 10:24:20, GNU g++ 4.8.1, std=201103L, MinGW Runtime 3.20, 32-bit, DEBUG
Started:	Mar 11 2025 10:24:42

Run file:	C:\кирилл\GAME-main\GAME\bin\Debug\GAME.exe
Directory:	C:\кирилл\GAME-main\GAME

--------------------------------------------------

--------------------------------------------------
TXLib соболезнует...

Программа: C:\кирилл\GAME-main\GAME\bin\Debug\GAME.exe, файл: c:\codeblocks\codeblocks\mingw\include\txlib.h, строка: 10937, функция: bool {anonymous}::TX::_txBuffer_Delete(HDC__**),

Сообщение: Параметр "*dc" неверен. Возможно, этот холст не создан, или уже уничтожен, или не загрузилась картинка.

#1: TXLib [Ver: 00173a, Rev: 173, Date: 2024-06-23 22:37:05 +0400], Instance: 0x005072FC (32-bit), Flags: CMdrE0, Thread: 0x1DF0 (Canvas), GetLastError(): 13 (Недопустимые данные). 

--------------------------------------------------
Стек вызовов:



--------------------------------------------------
Стек вызовов TX:

# 0 in bool {anonymous}::TX::_txBuffer_Delete(HDC__**) at c:\codeblocks\codeblocks\mingw\include\txlib.h:10937:

  10935: $1  if (_TX_ARGUMENT_FAILED (dc)) return false;
  10936: $   if (                   !*dc)  return false;
=>10937: $   if (_TX_HDC_FAILED     (*dc)) return false;
  10938: 
  10939: $   if (!Win32::GetObjectType (Win32::GetCurrentObject (*dc, OBJ_BITMAP))) return false;

# 1 in bool {anonymous}::TX::_txCanvas_OnDESTROY(HWND) at c:\codeblocks\codeblocks\mingw\include\txlib.h:10144:

  10142: $       Sleep (_TX_TIMEOUT);
  10143: 
=>10144: $       for (size_t i = 0; i < _txCanvas_UserDCs->size(); i++) _txBuffer_Delete (&_txCanvas_UserDCs->at (i));
  10145: $       _txCanvas_UserDCs->clear();
  10146:         }

# 2 in LRESULT {anonymous}::TX::_txCanvas_WndProc(HWND, UINT, WPARAM, LPARAM) at c:\codeblocks\codeblocks\mingw\include\txlib.h:10052:

  10050: 
  10051:         case WM_CLOSE:          {$ if (_txCanvas_OnCLOSE      (wnd))  break;       else return 0; }
=>10052:         case WM_DESTROY:        {$     _txCanvas_OnDESTROY    (wnd);                    return 0; }
  10053: 
  10054:         case WM_ERASEBKGND:     {$ if (!bkErased) { bkErased = true;  break; }     else return 1; }

# 3 in unsigned int {anonymous}::TX::_txCanvas_ThreadProc(void*) at c:\codeblocks\codeblocks\mingw\include\txlib.h:9837:

   9835: $       DispatchMessage  (&msg);
   9836: 
=> 9837: $       Sleep (0);
   9838:         }
   9839: 

--------------------------------------------------
Developed with:

The Dumb Artist Library (TX Library)
TXLib [Ver: 00173a, Rev: 173, Date: 2024-06-23 22:37:05 +0400]
Copyright (C) Ded (Ilya Dedinsky, http://txlib.ru) <mail@txlib.ru>
See license on: http://txlib.ru

TXLib file:	c:\codeblocks\codeblocks\mingw\include\txlib.h
Compiled:	Mar 11 2025 10:36:55, GNU g++ 4.8.1, std=201103L, MinGW Runtime 3.20, 32-bit, DEBUG
Started:	Mar 11 2025 10:37:17

Run file:	C:\кирилл\GAME-main\GAME\bin\Debug\GAME.exe
Directory:	C:\кирилл\GAME-main\GAME

--------------------------------------------------

--------------------------------------------------
TXLib сообщает:

Программа: C:\кирилл\GAME-main\GAME\bin\Debug\GAME.exe, файл: c:\codeblocks\codeblocks\mingw\include\txlib.h, строка: 13772, функция: bool {anonymous}::TX::txTransparentBlt(HDC, double, double, double, double, HDC, double, double, COLORREF),

Сообщение: Прямоугольник копируемой области {1.67772e+007, 0, 1.67782e+007, 600} не полностью лежит внутри изображения-источника {0, 0, 1000, 600}, функция txTransparentBlt() работать не будет.

#1: TXLib [Ver: 00173a, Rev: 173, Date: 2024-06-23 22:37:05 +0400], Instance: 0x005072FC (32-bit), Flags: CMdRe0, Thread: 0xD94 (Main), GetLastError(): 13 (Недопустимые данные). 
From: c:\codeblocks\codeblocks\mingw\include\txlib.h:13771 bool {anonymous}::TX::txTransparentBlt(HDC, double, double, double, double, HDC, double, double, COLORREF).

--------------------------------------------------
Стек вызовов:



--------------------------------------------------
Стек вызовов TX:

# 0 in bool {anonymous}::TX::txTransparentBlt(HDC, double, double, double, double, HDC, double, double, COLORREF) at c:\codeblocks\codeblocks\mingw\include\txlib.h:13771:

  13769:         {
  13770: $       SetLastError (ERROR_INVALID_DATA);
=>13771: $       TX_ERROR ("Прямоугольник копируемой области {%g, %g, %g, %g} не полностью лежит внутри изображения-источника {%d, %d, %d, %d}, "
  13772:                   "функция txTransparentBlt() работать не будет.", xSource, ySource, xSource + width, ySource + height, 0, 0, (int) size.x, (int) size.y);
  13773:         }

# 1 in void Fon::draw() at C:\кирилл\GAME-main\GAME\main.cpp:15:

     13:  void draw()
     14:     {
=>   15:       txTransparentBlt (txDC(),x,y,w ,h,image,TX_WHITE);
     16: 
     17:     }

--------------------------------------------------
Developed with:

The Dumb Artist Library (TX Library)
TXLib [Ver: 00173a, Rev: 173, Date: 2024-06-23 22:37:05 +0400]
Copyright (C) Ded (Ilya Dedinsky, http://txlib.ru) <mail@txlib.ru>
See license on: http://txlib.ru

TXLib file:	c:\codeblocks\codeblocks\mingw\include\txlib.h
Compiled:	Mar 11 2025 10:45:00, GNU g++ 4.8.1, std=201103L, MinGW Runtime 3.20, 32-bit, DEBUG
Started:	Mar 11 2025 10:45:25

Run file:	C:\кирилл\GAME-main\GAME\bin\Debug\GAME.exe
Directory:	C:\кирилл\GAME-main\GAME

--------------------------------------------------

--------------------------------------------------
TXLib сообщает:

Программа: C:\кирилл\GAME-main\GAME\bin\Debug\GAME.exe, файл: c:\codeblocks\codeblocks\mingw\include\txlib.h, строка: 13772, функция: bool {anonymous}::TX::txTransparentBlt(HDC, double, double, double, double, HDC, double, double, COLORREF),

Сообщение: Прямоугольник копируемой области {1.67772e+007, 0, 1.67782e+007, 600} не полностью лежит внутри изображения-источника {0, 0, 1000, 600}, функция txTransparentBlt() работать не будет.

#1: TXLib [Ver: 00173a, Rev: 173, Date: 2024-06-23 22:37:05 +0400], Instance: 0x005072FC (32-bit), Flags: CMdRe0, Thread: 0x14F0 (Main), GetLastError(): 13 (Недопустимые данные). 
From: c:\codeblocks\codeblocks\mingw\include\txlib.h:13771 bool {anonymous}::TX::txTransparentBlt(HDC, double, double, double, double, HDC, double, double, COLORREF).

--------------------------------------------------
Стек вызовов:



--------------------------------------------------
Стек вызовов TX:

# 0 in bool {anonymous}::TX::txTransparentBlt(HDC, double, double, double, double, HDC, double, double, COLORREF) at c:\codeblocks\codeblocks\mingw\include\txlib.h:13771:

  13769:         {
  13770: $       SetLastError (ERROR_INVALID_DATA);
=>13771: $       TX_ERROR ("Прямоугольник копируемой области {%g, %g, %g, %g} не полностью лежит внутри изображения-источника {%d, %d, %d, %d}, "
  13772:                   "функция txTransparentBlt() работать не будет.", xSource, ySource, xSource + width, ySource + height, 0, 0, (int) size.x, (int) size.y);
  13773:         }

# 1 in void Fon::draw() at C:\кирилл\GAME-main\GAME\main.cpp:15:

     13:  void draw()
     14:     {
=>   15:       txTransparentBlt (txDC(),x,y,w ,h,image,TX_WHITE);
     16: 
     17:     }

--------------------------------------------------
Developed with:

The Dumb Artist Library (TX Library)
TXLib [Ver: 00173a, Rev: 173, Date: 2024-06-23 22:37:05 +0400]
Copyright (C) Ded (Ilya Dedinsky, http://txlib.ru) <mail@txlib.ru>
See license on: http://txlib.ru

TXLib file:	c:\codeblocks\codeblocks\mingw\include\txlib.h
Compiled:	Mar 11 2025 10:46:07, GNU g++ 4.8.1, std=201103L, MinGW Runtime 3.20, 32-bit, DEBUG
Started:	Mar 11 2025 10:46:29

Run file:	C:\кирилл\GAME-main\GAME\bin\Debug\GAME.exe
Directory:	C:\кирилл\GAME-main\GAME

--------------------------------------------------

--------------------------------------------------
TXLib соболезнует...

Программа: C:\кирилл\GAME-main\GAME\bin\Debug\GAME.exe, файл: c:\codeblocks\codeblocks\mingw\include\txlib.h, строка: 14346, функция: intptr_t {anonymous}::TX::txPlayVideo(int, int, int, int, const char*, double, double, HWND),

Сообщение: Возможно, окно рисования не создано или не в порядке.

#2: TXLib [Ver: 00173a, Rev: 173, Date: 2024-06-23 22:37:05 +0400], Instance: 0x005072FC (32-bit), Flags: CMdre0, Thread: 0x14F0 (Main), GetLastError(): 13 (Недопустимые данные). 

--------------------------------------------------
Стек вызовов:



--------------------------------------------------
Стек вызовов TX:

# 0 in intptr_t {anonymous}::TX::txPlayVideo(int, int, int, int, const char*, double, double, HWND) at c:\codeblocks\codeblocks\mingw\include\txlib.h:14346:

  14344:                       double zoom /*= 0*/, double gain /*= 1*/, HWND wnd /*= txWindow()*/)
  14345:     {
=>14346: $1  if (wnd && wnd == txWindow() && _TX_TXWINDOW_FAILED()) return -1;
  14347: 
  14348: $   int time = GetTickCount();  //-V2551

# 1 in intptr_t {anonymous}::TX::txPlayVideo(const char*, double, double, HWND) at c:\codeblocks\codeblocks\mingw\include\txlib.h:14498:

  14496: intptr_t txPlayVideo (const char fileName[], double zoom /*= 0*/, double gain /*= 0*/, HWND wnd /*= txWindow()*/)
  14497:     {
=>14498: $1  return txPlayVideo (0, 0, 0, 0, fileName, zoom, gain, wnd);
  14499:     }
  14500: 

# 2 in void {anonymous}::TX::_txCleanup() at c:\codeblocks\codeblocks\mingw\include\txlib.h:9116:

   9114: 
   9115: $   txSpeak     (NULL);
=> 9116: $   txPlayVideo (NULL);
   9117: 
   9118: $   delete _txCanvas_UserDCs;

# 3 in bool {anonymous}::TX::txTransparentBlt(HDC, double, double, double, double, HDC, double, double, COLORREF) at c:\codeblocks\codeblocks\mingw\include\txlib.h:13771:

  13769:         {
  13770: $       SetLastError (ERROR_INVALID_DATA);
=>13771: $       TX_ERROR ("Прямоугольник копируемой области {%g, %g, %g, %g} не полностью лежит внутри изображения-источника {%d, %d, %d, %d}, "
  13772:                   "функция txTransparentBlt() работать не будет.", xSource, ySource, xSource + width, ySource + height, 0, 0, (int) size.x, (int) size.y);
  13773:         }

# 4 in void Fon::draw() at C:\кирилл\GAME-main\GAME\main.cpp:15:

     13:  void draw()
     14:     {
=>   15:       txTransparentBlt (txDC(),x,y,w ,h,image,TX_WHITE);
     16: 
     17:     }

--------------------------------------------------
Developed with:

The Dumb Artist Library (TX Library)
TXLib [Ver: 00173a, Rev: 173, Date: 2024-06-23 22:37:05 +0400]
Copyright (C) Ded (Ilya Dedinsky, http://txlib.ru) <mail@txlib.ru>
See license on: http://txlib.ru

TXLib file:	c:\codeblocks\codeblocks\mingw\include\txlib.h
Compiled:	Mar 11 2025 10:46:07, GNU g++ 4.8.1, std=201103L, MinGW Runtime 3.20, 32-bit, DEBUG
Started:	Mar 11 2025 10:46:29

Run file:	C:\кирилл\GAME-main\GAME\bin\Debug\GAME.exe
Directory:	C:\кирилл\GAME-main\GAME

--------------------------------------------------

--------------------------------------------------
TXLib сообщает:

Программа: C:\кирилл\GAME-main\GAME\bin\Debug\GAME.exe, файл: c:\codeblocks\codeblocks\mingw\include\txlib.h, строка: 13772, функция: bool {anonymous}::TX::txTransparentBlt(HDC, double, double, double, double, HDC, double, double, COLORREF),

Сообщение: Прямоугольник копируемой области {1.67772e+007, 0, 1.67782e+007, 600} не полностью лежит внутри изображения-источника {0, 0, 1000, 600}, функция txTransparentBlt() работать не будет.

#1: TXLib [Ver: 00173a, Rev: 173, Date: 2024-06-23 22:37:05 +0400], Instance: 0x005072FC (32-bit), Flags: CMdRe0, Thread: 0x240C (Main), GetLastError(): 13 (Недопустимые данные). 
From: c:\codeblocks\codeblocks\mingw\include\txlib.h:13771 bool {anonymous}::TX::txTransparentBlt(HDC, double, double, double, double, HDC, double, double, COLORREF).

--------------------------------------------------
Стек вызовов:



--------------------------------------------------
Стек вызовов TX:

# 0 in bool {anonymous}::TX::txTransparentBlt(HDC, double, double, double, double, HDC, double, double, COLORREF) at c:\codeblocks\codeblocks\mingw\include\txlib.h:13771:

  13769:         {
  13770: $       SetLastError (ERROR_INVALID_DATA);
=>13771: $       TX_ERROR ("Прямоугольник копируемой области {%g, %g, %g, %g} не полностью лежит внутри изображения-источника {%d, %d, %d, %d}, "
  13772:                   "функция txTransparentBlt() работать не будет.", xSource, ySource, xSource + width, ySource + height, 0, 0, (int) size.x, (int) size.y);
  13773:         }

# 1 in void Fon::draw() at C:\кирилл\GAME-main\GAME\main.cpp:15:

     13:  void draw()
     14:     {
=>   15:       txTransparentBlt (txDC(),x,y,w ,h,image,TX_WHITE);
     16: 
     17:     }

--------------------------------------------------
Developed with:

The Dumb Artist Library (TX Library)
TXLib [Ver: 00173a, Rev: 173, Date: 2024-06-23 22:37:05 +0400]
Copyright (C) Ded (Ilya Dedinsky, http://txlib.ru) <mail@txlib.ru>
See license on: http://txlib.ru

TXLib file:	c:\codeblocks\codeblocks\mingw\include\txlib.h
Compiled:	Mar 11 2025 10:49:24, GNU g++ 4.8.1, std=201103L, MinGW Runtime 3.20, 32-bit, DEBUG
Started:	Mar 11 2025 10:49:47

Run file:	C:\кирилл\GAME-main\GAME\bin\Debug\GAME.exe
Directory:	C:\кирилл\GAME-main\GAME

--------------------------------------------------

--------------------------------------------------
TXLib сообщает:

Программа: C:\кирилл\GAME-main\GAME\bin\Debug\GAME.exe, файл: c:\codeblocks\codeblocks\mingw\include\txlib.h, строка: 13772, функция: bool {anonymous}::TX::txTransparentBlt(HDC, double, double, double, double, HDC, double, double, COLORREF),

Сообщение: Прямоугольник копируемой области {1.67772e+007, 0, 1.67782e+007, 600} не полностью лежит внутри изображения-источника {0, 0, 1000, 600}, функция txTransparentBlt() работать не будет.

#1: TXLib [Ver: 00173a, Rev: 173, Date: 2024-06-23 22:37:05 +0400], Instance: 0x005072FC (32-bit), Flags: CMdRe0, Thread: 0x1598 (Main), GetLastError(): 13 (Недопустимые данные). 
From: c:\codeblocks\codeblocks\mingw\include\txlib.h:13771 bool {anonymous}::TX::txTransparentBlt(HDC, double, double, double, double, HDC, double, double, COLORREF).

--------------------------------------------------
Стек вызовов:



--------------------------------------------------
Стек вызовов TX:

# 0 in bool {anonymous}::TX::txTransparentBlt(HDC, double, double, double, double, HDC, double, double, COLORREF) at c:\codeblocks\codeblocks\mingw\include\txlib.h:13771:

  13769:         {
  13770: $       SetLastError (ERROR_INVALID_DATA);
=>13771: $       TX_ERROR ("Прямоугольник копируемой области {%g, %g, %g, %g} не полностью лежит внутри изображения-источника {%d, %d, %d, %d}, "
  13772:                   "функция txTransparentBlt() работать не будет.", xSource, ySource, xSource + width, ySource + height, 0, 0, (int) size.x, (int) size.y);
  13773:         }

# 1 in void Fon::draw() at C:\кирилл\GAME-main\GAME\main.cpp:15:

     13:  void draw()
     14:     {
=>   15:       txTransparentBlt (txDC(),x,y,w ,h,image,TX_WHITE);
     16: 
     17:     }

--------------------------------------------------
Developed with:

The Dumb Artist Library (TX Library)
TXLib [Ver: 00173a, Rev: 173, Date: 2024-06-23 22:37:05 +0400]
Copyright (C) Ded (Ilya Dedinsky, http://txlib.ru) <mail@txlib.ru>
See license on: http://txlib.ru

TXLib file:	c:\codeblocks\codeblocks\mingw\include\txlib.h
Compiled:	Mar 11 2025 10:49:24, GNU g++ 4.8.1, std=201103L, MinGW Runtime 3.20, 32-bit, DEBUG
Started:	Mar 11 2025 10:53:21

Run file:	C:\кирилл\GAME-main\GAME\bin\Debug\GAME.exe
Directory:	C:\кирилл\GAME-main\GAME

--------------------------------------------------

--------------------------------------------------
TXLib сообщает:

Программа: C:\кирилл\GAME-main\GAME\bin\Debug\GAME.exe, файл: c:\codeblocks\codeblocks\mingw\include\txlib.h, строка: 13772, функция: bool {anonymous}::TX::txTransparentBlt(HDC, double, double, double, double, HDC, double, double, COLORREF),

Сообщение: Прямоугольник копируемой области {1.67772e+007, 0, 1.67782e+007, 600} не полностью лежит внутри изображения-источника {0, 0, 1000, 600}, функция txTransparentBlt() работать не будет.

#1: TXLib [Ver: 00173a, Rev: 173, Date: 2024-06-23 22:37:05 +0400], Instance: 0x005072FC (32-bit), Flags: CMdRe0, Thread: 0x14C (Main), GetLastError(): 13 (Недопустимые данные). 
From: c:\codeblocks\codeblocks\mingw\include\txlib.h:13771 bool {anonymous}::TX::txTransparentBlt(HDC, double, double, double, double, HDC, double, double, COLORREF).

--------------------------------------------------
Стек вызовов:



--------------------------------------------------
Стек вызовов TX:

# 0 in bool {anonymous}::TX::txTransparentBlt(HDC, double, double, double, double, HDC, double, double, COLORREF) at c:\codeblocks\codeblocks\mingw\include\txlib.h:13771:

  13769:         {
  13770: $       SetLastError (ERROR_INVALID_DATA);
=>13771: $       TX_ERROR ("Прямоугольник копируемой области {%g, %g, %g, %g} не полностью лежит внутри изображения-источника {%d, %d, %d, %d}, "
  13772:                   "функция txTransparentBlt() работать не будет.", xSource, ySource, xSource + width, ySource + height, 0, 0, (int) size.x, (int) size.y);
  13773:         }

# 1 in void Fon::draw() at C:\кирилл\GAME-main\GAME\main.cpp:15:

     13:  void draw()
     14:     {
=>   15:       txTransparentBlt (txDC(),x,y,w ,h,image,TX_WHITE);
     16: 
     17:     }

--------------------------------------------------
Developed with:

The Dumb Artist Library (TX Library)
TXLib [Ver: 00173a, Rev: 173, Date: 2024-06-23 22:37:05 +0400]
Copyright (C) Ded (Ilya Dedinsky, http://txlib.ru) <mail@txlib.ru>
See license on: http://txlib.ru

TXLib file:	c:\codeblocks\codeblocks\mingw\include\txlib.h
Compiled:	Mar 11 2025 10:49:24, GNU g++ 4.8.1, std=201103L, MinGW Runtime 3.20, 32-bit, DEBUG
Started:	Mar 11 2025 10:53:36

Run file:	C:\кирилл\GAME-main\GAME\bin\Debug\GAME.exe
Directory:	C:\кирилл\GAME-main\GAME

--------------------------------------------------

--------------------------------------------------
TXLib сообщает:

Программа: C:\кирилл\GAME-main\GAME\bin\Debug\GAME.exe, файл: c:\codeblocks\codeblocks\mingw\include\txlib.h, строка: 13772, функция: bool {anonymous}::TX::txTransparentBlt(HDC, double, double, double, double, HDC, double, double, COLORREF),

Сообщение: Прямоугольник копируемой области {1.67772e+007, 0, 1.67782e+007, 600} не полностью лежит внутри изображения-источника {0, 0, 1000, 600}, функция txTransparentBlt() работать не будет.

#2: TXLib [Ver: 00173a, Rev: 173, Date: 2024-06-23 22:37:05 +0400], Instance: 0x005072FC (32-bit), Flags: CMdRe0, Thread: 0x14C (Main), GetLastError(): 13 (Недопустимые данные). 
From: c:\codeblocks\codeblocks\mingw\include\txlib.h:13771 bool {anonymous}::TX::txTransparentBlt(HDC, double, double, double, double, HDC, double, double, COLORREF).

--------------------------------------------------
Стек вызовов:



--------------------------------------------------
Стек вызовов TX:

# 0 in bool {anonymous}::TX::txTransparentBlt(HDC, double, double, double, double, HDC, double, double, COLORREF) at c:\codeblocks\codeblocks\mingw\include\txlib.h:13771:

  13769:         {
  13770: $       SetLastError (ERROR_INVALID_DATA);
=>13771: $       TX_ERROR ("Прямоугольник копируемой области {%g, %g, %g, %g} не полностью лежит внутри изображения-источника {%d, %d, %d, %d}, "
  13772:                   "функция txTransparentBlt() работать не будет.", xSource, ySource, xSource + width, ySource + height, 0, 0, (int) size.x, (int) size.y);
  13773:         }

# 1 in void Fon::draw() at C:\кирилл\GAME-main\GAME\main.cpp:15:

     13:  void draw()
     14:     {
=>   15:       txTransparentBlt (txDC(),x,y,w ,h,image,TX_WHITE);
     16: 
     17:     }

--------------------------------------------------
Developed with:

The Dumb Artist Library (TX Library)
TXLib [Ver: 00173a, Rev: 173, Date: 2024-06-23 22:37:05 +0400]
Copyright (C) Ded (Ilya Dedinsky, http://txlib.ru) <mail@txlib.ru>
See license on: http://txlib.ru

TXLib file:	c:\codeblocks\codeblocks\mingw\include\txlib.h
Compiled:	Mar 11 2025 10:49:24, GNU g++ 4.8.1, std=201103L, MinGW Runtime 3.20, 32-bit, DEBUG
Started:	Mar 11 2025 10:53:36

Run file:	C:\кирилл\GAME-main\GAME\bin\Debug\GAME.exe
Directory:	C:\кирилл\GAME-main\GAME

--------------------------------------------------

--------------------------------------------------
TXLib сообщает:

Программа: C:\кирилл\GAME-main\GAME\bin\Debug\GAME.exe, файл: c:\codeblocks\codeblocks\mingw\include\txlib.h, строка: 13772, функция: bool {anonymous}::TX::txTransparentBlt(HDC, double, double, double, double, HDC, double, double, COLORREF),

Сообщение: Прямоугольник копируемой области {1.67772e+007, 0, 1.67782e+007, 600} не полностью лежит внутри изображения-источника {0, 0, 1000, 600}, функция txTransparentBlt() работать не будет.

#3: TXLib [Ver: 00173a, Rev: 173, Date: 2024-06-23 22:37:05 +0400], Instance: 0x005072FC (32-bit), Flags: CMdRe0, Thread: 0x14C (Main), GetLastError(): 13 (Недопустимые данные). 
From: c:\codeblocks\codeblocks\mingw\include\txlib.h:13771 bool {anonymous}::TX::txTransparentBlt(HDC, double, double, double, double, HDC, double, double, COLORREF).

--------------------------------------------------
Стек вызовов:



--------------------------------------------------
Стек вызовов TX:

# 0 in bool {anonymous}::TX::txTransparentBlt(HDC, double, double, double, double, HDC, double, double, COLORREF) at c:\codeblocks\codeblocks\mingw\include\txlib.h:13771:

  13769:         {
  13770: $       SetLastError (ERROR_INVALID_DATA);
=>13771: $       TX_ERROR ("Прямоугольник копируемой области {%g, %g, %g, %g} не полностью лежит внутри изображения-источника {%d, %d, %d, %d}, "
  13772:                   "функция txTransparentBlt() работать не будет.", xSource, ySource, xSource + width, ySource + height, 0, 0, (int) size.x, (int) size.y);
  13773:         }

# 1 in void Fon::draw() at C:\кирилл\GAME-main\GAME\main.cpp:15:

     13:  void draw()
     14:     {
=>   15:       txTransparentBlt (txDC(),x,y,w ,h,image,TX_WHITE);
     16: 
     17:     }

--------------------------------------------------
Developed with:

The Dumb Artist Library (TX Library)
TXLib [Ver: 00173a, Rev: 173, Date: 2024-06-23 22:37:05 +0400]
Copyright (C) Ded (Ilya Dedinsky, http://txlib.ru) <mail@txlib.ru>
See license on: http://txlib.ru

TXLib file:	c:\codeblocks\codeblocks\mingw\include\txlib.h
Compiled:	Mar 11 2025 10:49:24, GNU g++ 4.8.1, std=201103L, MinGW Runtime 3.20, 32-bit, DEBUG
Started:	Mar 11 2025 10:53:36

Run file:	C:\кирилл\GAME-main\GAME\bin\Debug\GAME.exe
Directory:	C:\кирилл\GAME-main\GAME

--------------------------------------------------

--------------------------------------------------
TXLib сообщает:

Программа: C:\кирилл\GAME-main\GAME\bin\Debug\GAME.exe, файл: c:\codeblocks\codeblocks\mingw\include\txlib.h, строка: 13772, функция: bool {anonymous}::TX::txTransparentBlt(HDC, double, double, double, double, HDC, double, double, COLORREF),

Сообщение: Прямоугольник копируемой области {1.67772e+007, 0, 1.67782e+007, 600} не полностью лежит внутри изображения-источника {0, 0, 1000, 600}, функция txTransparentBlt() работать не будет.

#4: TXLib [Ver: 00173a, Rev: 173, Date: 2024-06-23 22:37:05 +0400], Instance: 0x005072FC (32-bit), Flags: CMdRe0, Thread: 0x14C (Main), GetLastError(): 13 (Недопустимые данные). 
From: c:\codeblocks\codeblocks\mingw\include\txlib.h:13771 bool {anonymous}::TX::txTransparentBlt(HDC, double, double, double, double, HDC, double, double, COLORREF).

--------------------------------------------------
Стек вызовов:



--------------------------------------------------
Стек вызовов TX:

# 0 in bool {anonymous}::TX::txTransparentBlt(HDC, double, double, double, double, HDC, double, double, COLORREF) at c:\codeblocks\codeblocks\mingw\include\txlib.h:13771:

  13769:         {
  13770: $       SetLastError (ERROR_INVALID_DATA);
=>13771: $       TX_ERROR ("Прямоугольник копируемой области {%g, %g, %g, %g} не полностью лежит внутри изображения-источника {%d, %d, %d, %d}, "
  13772:                   "функция txTransparentBlt() работать не будет.", xSource, ySource, xSource + width, ySource + height, 0, 0, (int) size.x, (int) size.y);
  13773:         }

# 1 in void Fon::draw() at C:\кирилл\GAME-main\GAME\main.cpp:15:

     13:  void draw()
     14:     {
=>   15:       txTransparentBlt (txDC(),x,y,w ,h,image,TX_WHITE);
     16: 
     17:     }

--------------------------------------------------
Developed with:

The Dumb Artist Library (TX Library)
TXLib [Ver: 00173a, Rev: 173, Date: 2024-06-23 22:37:05 +0400]
Copyright (C) Ded (Ilya Dedinsky, http://txlib.ru) <mail@txlib.ru>
See license on: http://txlib.ru

TXLib file:	c:\codeblocks\codeblocks\mingw\include\txlib.h
Compiled:	Mar 11 2025 10:49:24, GNU g++ 4.8.1, std=201103L, MinGW Runtime 3.20, 32-bit, DEBUG
Started:	Mar 11 2025 10:53:36

Run file:	C:\кирилл\GAME-main\GAME\bin\Debug\GAME.exe
Directory:	C:\кирилл\GAME-main\GAME

--------------------------------------------------

--------------------------------------------------
TXLib сообщает:

Программа: C:\кирилл\GAME-main\GAME\bin\Debug\GAME.exe, файл: c:\codeblocks\codeblocks\mingw\include\txlib.h, строка: 13772, функция: bool {anonymous}::TX::txTransparentBlt(HDC, double, double, double, double, HDC, double, double, COLORREF),

Сообщение: Прямоугольник копируемой области {1.67772e+007, 0, 1.67782e+007, 600} не полностью лежит внутри изображения-источника {0, 0, 1000, 600}, функция txTransparentBlt() работать не будет.

#1: TXLib [Ver: 00173a, Rev: 173, Date: 2024-06-23 22:37:05 +0400], Instance: 0x005072FC (32-bit), Flags: CMdRe0, Thread: 0x211C (Main), GetLastError(): 13 (Недопустимые данные). 
From: c:\codeblocks\codeblocks\mingw\include\txlib.h:13771 bool {anonymous}::TX::txTransparentBlt(HDC, double, double, double, double, HDC, double, double, COLORREF).

--------------------------------------------------
Стек вызовов:



--------------------------------------------------
Стек вызовов TX:

# 0 in bool {anonymous}::TX::txTransparentBlt(HDC, double, double, double, double, HDC, double, double, COLORREF) at c:\codeblocks\codeblocks\mingw\include\txlib.h:13771:

  13769:         {
  13770: $       SetLastError (ERROR_INVALID_DATA);
=>13771: $       TX_ERROR ("Прямоугольник копируемой области {%g, %g, %g, %g} не полностью лежит внутри изображения-источника {%d, %d, %d, %d}, "
  13772:                   "функция txTransparentBlt() работать не будет.", xSource, ySource, xSource + width, ySource + height, 0, 0, (int) size.x, (int) size.y);
  13773:         }

# 1 in void Fon::draw() at C:\кирилл\GAME-main\GAME\main.cpp:15:

     13:  void draw()
     14:     {
=>   15:       txTransparentBlt (txDC(),x,y,w ,h,image,TX_WHITE);
     16: 
     17:     }

--------------------------------------------------
Developed with:

The Dumb Artist Library (TX Library)
TXLib [Ver: 00173a, Rev: 173, Date: 2024-06-23 22:37:05 +0400]
Copyright (C) Ded (Ilya Dedinsky, http://txlib.ru) <mail@txlib.ru>
See license on: http://txlib.ru

TXLib file:	c:\codeblocks\codeblocks\mingw\include\txlib.h
Compiled:	Mar 11 2025 11:07:19, GNU g++ 4.8.1, std=201103L, MinGW Runtime 3.20, 32-bit, DEBUG
Started:	Mar 11 2025 11:07:45

Run file:	C:\кирилл\GAME-main\GAME\bin\Debug\GAME.exe
Directory:	C:\кирилл\GAME-main\GAME

--------------------------------------------------
